Log file open, 11/20/20 16:45:24
LogInit: Display: Running engine for game: Catch_Down_Coffin
LogPlatformFile: Not using cached read wrapper
LogTaskGraph: Started task graph with 5 named threads and 14 total threads with 3 sets of task threads.
LogStats: Stats thread started at 8.139874
LogD3D11RHI: Loaded GFSDK_Aftermath_Lib.x64.dll
LogICUInternationalization: ICU TimeZone Detection - Raw Offset: +7:00, Platform Override: ''
LogPluginManager: Mounting plugin Paper2D
LogPluginManager: Mounting plugin AISupport
LogPluginManager: Mounting plugin LightPropagationVolume
LogPluginManager: Mounting plugin CameraShakePreviewer
LogPluginManager: Mounting plugin ActorLayerUtilities
LogPluginManager: Mounting plugin AnimationSharing
LogPluginManager: Mounting plugin CLionSourceCodeAccess
LogPluginManager: Mounting plugin CodeLiteSourceCodeAccess
LogPluginManager: Mounting plugin GitSourceControl
LogPluginManager: Mounting plugin KDevelopSourceCodeAccess
LogPluginManager: Mounting plugin NullSourceCodeAccess
LogPluginManager: Mounting plugin PerforceSourceControl
LogPluginManager: Mounting plugin PlasticSourceControl
LogPluginManager: Mounting plugin RiderSourceCodeAccess
LogPluginManager: Mounting plugin SubversionSourceControl
LogPluginManager: Mounting plugin UObjectPlugin
LogPluginManager: Mounting plugin VisualStudioCodeSourceCodeAccess
LogPluginManager: Mounting plugin VisualStudioSourceCodeAccess
LogPluginManager: Mounting plugin XCodeSourceCodeAccess
LogPluginManager: Mounting plugin AssetManagerEditor
LogPluginManager: Mounting plugin CryptoKeys
LogPluginManager: Mounting plugin CurveEditorTools
LogPluginManager: Mounting plugin DataValidation
LogPluginManager: Mounting plugin EditorScriptingUtilities
LogPluginManager: Mounting plugin FacialAnimation
LogPluginManager: Mounting plugin GameplayTagsEditor
LogPluginManager: Mounting plugin GeometryMode
LogPluginManager: Mounting plugin MacGraphicsSwitching
LogPluginManager: Mounting plugin MaterialAnalyzer
LogPluginManager: Mounting plugin MobileLauncherProfileWizard
LogPluginManager: Mounting plugin PluginBrowser
LogPluginManager: Mounting plugin SpeedTreeImporter
LogPluginManager: Mounting plugin DatasmithContent
LogPluginManager: Mounting plugin VariantManagerContent
LogPluginManager: Mounting plugin AlembicImporter
LogPluginManager: Mounting plugin AutomationUtils
LogPluginManager: Mounting plugin BackChannel
LogPluginManager: Mounting plugin ChaosCloth
LogPluginManager: Mounting plugin ChaosClothEditor
LogPluginManager: Mounting plugin ChaosEditor
LogPluginManager: Mounting plugin ChaosNiagara
LogPluginManager: Mounting plugin ChaosSolverPlugin
LogPluginManager: Mounting plugin CharacterAI
LogPluginManager: Mounting plugin GeometryCache
LogPluginManager: Mounting plugin GeometryCollectionPlugin
LogPluginManager: Mounting plugin GeometryProcessing
LogPluginManager: Mounting plugin PlanarCut
LogPluginManager: Mounting plugin PlatformCrypto
LogPluginManager: Mounting plugin ProxyLODPlugin
LogPluginManager: Mounting plugin SkeletalReduction
LogPluginManager: Mounting plugin Niagara
LogPluginManager: Mounting plugin MagicLeap
LogPluginManager: Mounting plugin MagicLeapLightEstimation
LogPluginManager: Mounting plugin MagicLeapMedia
LogPluginManager: Mounting plugin MagicLeapPassableWorld
LogPluginManager: Mounting plugin MLSDK
LogPluginManager: Mounting plugin AndroidMedia
LogPluginManager: Mounting plugin AvfMedia
LogPluginManager: Mounting plugin ImgMedia
LogPluginManager: Mounting plugin MediaCompositing
LogPluginManager: Mounting plugin MediaPlayerEditor
LogPluginManager: Mounting plugin WebMMedia
LogPluginManager: Mounting plugin WmfMedia
LogPluginManager: Mounting plugin MeshPainting
LogPluginManager: Mounting plugin TcpMessaging
LogPluginManager: Mounting plugin UdpMessaging
LogPluginManager: Mounting plugin ActorSequence
LogPluginManager: Mounting plugin LevelSequenceEditor
LogPluginManager: Mounting plugin MatineeToLevelSequence
LogPluginManager: Mounting plugin MovieRenderPipeline
LogPluginManager: Mounting plugin TemplateSequence
LogPluginManager: Mounting plugin NetcodeUnitTest
LogPluginManager: Mounting plugin NUTUnrealEngine4
LogPluginManager: Mounting plugin OnlineSubsystemGooglePlay
LogPluginManager: Mounting plugin OnlineSubsystemIOS
LogPluginManager: Mounting plugin OnlineSubsystem
LogPluginManager: Mounting plugin OnlineSubsystemNull
LogPluginManager: Mounting plugin OnlineSubsystemUtils
LogPluginManager: Mounting plugin LauncherChunkInstaller
LogPluginManager: Mounting plugin AndroidDeviceProfileSelector
LogPluginManager: Mounting plugin AndroidMoviePlayer
LogPluginManager: Mounting plugin AndroidPermission
LogPluginManager: Mounting plugin AppleImageUtils
LogPluginManager: Mounting plugin AppleMoviePlayer
LogPluginManager: Mounting plugin ArchVisCharacter
LogPluginManager: Mounting plugin AssetTags
LogPluginManager: Mounting plugin AudioCapture
LogPluginManager: Mounting plugin CableComponent
LogPluginManager: Mounting plugin CustomMeshComponent
LogPluginManager: Mounting plugin EditableMesh
LogPluginManager: Mounting plugin ExampleDeviceProfileSelector
LogPluginManager: Mounting plugin GoogleCloudMessaging
LogPluginManager: Mounting plugin GooglePAD
LogPluginManager: Mounting plugin IOSDeviceProfileSelector
LogPluginManager: Mounting plugin LinuxDeviceProfileSelector
LogPluginManager: Mounting plugin LocationServicesBPLibrary
LogPluginManager: Mounting plugin MobilePatchingUtils
LogPluginManager: Mounting plugin OculusVR
LogPluginManager: Mounting plugin PhysXVehicles
LogPluginManager: Mounting plugin PostSplashScreen
LogPluginManager: Mounting plugin ProceduralMeshComponent
LogPluginManager: Mounting plugin RuntimePhysXCooking
LogPluginManager: Mounting plugin SignificanceManager
LogPluginManager: Mounting plugin SoundFields
LogPluginManager: Mounting plugin SteamVR
LogPluginManager: Mounting plugin Synthesis
LogPluginManager: Mounting plugin WebMMoviePlayer
LogPluginManager: Mounting plugin WindowsMoviePlayer
LogPluginManager: Mounting plugin ScreenshotTools
LogInit: Using libcurl 7.55.1-DEV
LogInit:  - built for x86_64-pc-win32
LogInit:  - supports SSL with OpenSSL/1.1.1
LogInit:  - supports HTTP deflate (compression) using libz 1.2.8
LogInit:  - other features:
LogInit:      CURL_VERSION_SSL
LogInit:      CURL_VERSION_LIBZ
LogInit:      CURL_VERSION_IPV6
LogInit:      CURL_VERSION_ASYNCHDNS
LogInit:      CURL_VERSION_LARGEFILE
LogInit:      CURL_VERSION_IDN
LogInit:  CurlRequestOptions (configurable via config and command line):
LogInit:  - bVerifyPeer = true  - Libcurl will verify peer certificate
LogInit:  - bUseHttpProxy = false  - Libcurl will NOT use HTTP proxy
LogInit:  - bDontReuseConnections = false  - Libcurl will reuse connections
LogInit:  - MaxHostConnections = 16  - Libcurl will limit the number of connections to a host
LogInit:  - LocalHostAddr = Default
LogInit:  - BufferSize = 65536
LogOnline: OSS: Creating online subsystem instance for: NULL
LogInit: WinSock: version 1.1 (2.2), MaxSocks=32767, MaxUdp=65467
LogOnline: OSS: TryLoadSubsystemAndSetDefault: Loaded subsystem for module [NULL]
LogInit: Build: ++UE4+Release-4.25-CL-13942748
LogInit: Engine Version: 4.25.3-13942748+++UE4+Release-4.25
LogInit: Compatible Engine Version: 4.25.0-13144385+++UE4+Release-4.25
LogInit: Net CL: 13144385
LogInit: OS: Windows 10 (Release 1903) (), CPU: Intel(R) Core(TM) i5-6400 CPU @ 2.70GHz, GPU: NVIDIA GeForce GTX 750 Ti
LogInit: Compiled (64-bit): Jul 25 2020 02:07:48
LogInit: Compiled with Visual C++: 19.24.28315.00
LogInit: Build Configuration: Development
LogInit: Branch Name: ++UE4+Release-4.25
LogInit: Command Line: 
LogInit: Base Directory: C:/Program Files/UE_4.25/Engine/Binaries/Win64/
LogInit: Allocator: TBB
LogInit: Installed Engine Build: 1
LogDevObjectVersion: Number of dev versions registered: 26
LogDevObjectVersion:   Dev-Blueprints (B0D832E4-1F89-4F0D-ACCF-7EB736FD4AA2): 10
LogDevObjectVersion:   Dev-Build (E1C64328-A22C-4D53-A36C-8E866417BD8C): 0
LogDevObjectVersion:   Dev-Core (375EC13C-06E4-48FB-B500-84F0262A717E): 4
LogDevObjectVersion:   Dev-Editor (E4B068ED-F494-42E9-A231-DA0B2E46BB41): 38
LogDevObjectVersion:   Dev-Framework (CFFC743F-43B0-4480-9391-14DF171D2073): 37
LogDevObjectVersion:   Dev-Mobile (B02B49B5-BB20-44E9-A304-32B752E40360): 2
LogDevObjectVersion:   Dev-Networking (A4E4105C-59A1-49B5-A7C5-40C4547EDFEE): 0
LogDevObjectVersion:   Dev-Online (39C831C9-5AE6-47DC-9A44-9C173E1C8E7C): 0
LogDevObjectVersion:   Dev-Physics (78F01B33-EBEA-4F98-B9B4-84EACCB95AA2): 4
LogDevObjectVersion:   Dev-Platform (6631380F-2D4D-43E0-8009-CF276956A95A): 0
LogDevObjectVersion:   Dev-Rendering (12F88B9F-8875-4AFC-A67C-D90C383ABD29): 43
LogDevObjectVersion:   Dev-Sequencer (7B5AE74C-D270-4C10-A958-57980B212A5A): 12
LogDevObjectVersion:   Dev-VR (D7296918-1DD6-4BDD-9DE2-64A83CC13884): 3
LogDevObjectVersion:   Dev-LoadTimes (C2A15278-BFE7-4AFE-6C17-90FF531DF755): 1
LogDevObjectVersion:   Private-Geometry (6EACA3D4-40EC-4CC1-B786-8BED09428FC5): 3
LogDevObjectVersion:   Dev-AnimPhys (29E575DD-E0A3-4627-9D10-D276232CDCEA): 17
LogDevObjectVersion:   Dev-Anim (AF43A65D-7FD3-4947-9873-3E8ED9C1BB05): 7
LogDevObjectVersion:   Dev-ReflectionCapture (6B266CEC-1EC7-4B8F-A30B-E4D90942FC07): 1
LogDevObjectVersion:   Dev-Automation (0DF73D61-A23F-47EA-B727-89E90C41499A): 1
LogDevObjectVersion:   FortniteMain (601D1886-AC64-4F84-AA16-D3DE0DEAC7D6): 31
LogDevObjectVersion:   Dev-Enterprise (9DFFBCD6-494F-0158-E221-12823C92A888): 10
LogDevObjectVersion:   Dev-Niagara (F2AED0AC-9AFE-416F-8664-AA7FFA26D6FC): 1
LogDevObjectVersion:   Dev-Destruction (174F1F0B-B4C6-45A5-B13F-2EE8D0FB917D): 10
LogDevObjectVersion:   Dev-Physics-Ext (35F94A83-E258-406C-A318-09F59610247C): 37
LogDevObjectVersion:   Dev-PhysicsMaterial-Chaos (B68FC16E-8B1B-42E2-B453-215C058844FE): 1
LogDevObjectVersion:   Dev-CineCamera (B2E18506-4273-CFC2-A54E-F4BB758BBA07): 1
LogInit: Presizing for max 25165824 objects, including 0 objects not considered by GC, pre-allocating 0 bytes for permanent pool.
LogConfig: Applying CVar settings from Section [/Script/Engine.StreamingSettings] File [C:/Users/User/Documents/GitHub/GameDesign2020/Catch_Down_Coffin/Saved/Config/Windows/Engine.ini]
LogConfig: Setting CVar [[s.MinBulkDataSizeForAsyncLoading:131072]]
LogConfig: Setting CVar [[s.AsyncLoadingThreadEnabled:0]]
LogConfig: Setting CVar [[s.EventDrivenLoaderEnabled:1]]
LogConfig: Setting CVar [[s.WarnIfTimeLimitExceeded:0]]
LogConfig: Setting CVar [[s.TimeLimitExceededMultiplier:1.5]]
LogConfig: Setting CVar [[s.TimeLimitExceededMinTime:0.005]]
LogConfig: Setting CVar [[s.UseBackgroundLevelStreaming:1]]
LogConfig: Setting CVar [[s.PriorityAsyncLoadingExtraTime:15.0]]
LogConfig: Setting CVar [[s.LevelStreamingActorsUpdateTimeLimit:5.0]]
LogConfig: Setting CVar [[s.PriorityLevelStreamingActorsUpdateExtraTime:5.0]]
LogConfig: Setting CVar [[s.LevelStreamingComponentsRegistrationGranularity:10]]
LogConfig: Setting CVar [[s.UnregisterComponentsTimeLimit:1.0]]
LogConfig: Setting CVar [[s.LevelStreamingComponentsUnregistrationGranularity:5]]
LogConfig: Setting CVar [[s.FlushStreamingOnExit:1]]
LogInit: Object subsystem initialized
LogConfig: Setting CVar [[con.DebugEarlyDefault:1]]
LogConfig: Setting CVar [[r.setres:1280x720]]
[2020.11.20-09.45.28:813][  0]LogConfig: Setting CVar [[r.VSync:0]]
[2020.11.20-09.45.28:813][  0]LogConfig: Setting CVar [[r.RHICmdBypass:0]]
[2020.11.20-09.45.28:814][  0]LogConfig: Applying CVar settings from Section [/Script/Engine.RendererSettings] File [C:/Users/User/Documents/GitHub/GameDesign2020/Catch_Down_Coffin/Saved/Config/Windows/Engine.ini]
[2020.11.20-09.45.28:814][  0]LogConfig: Setting CVar [[r.GPUCrashDebugging:0]]
[2020.11.20-09.45.28:814][  0]LogConfig: Applying CVar settings from Section [/Script/Engine.RendererOverrideSettings] File [C:/Users/User/Documents/GitHub/GameDesign2020/Catch_Down_Coffin/Saved/Config/Windows/Engine.ini]
[2020.11.20-09.45.28:814][  0]LogConfig: Applying CVar settings from Section [/Script/Engine.StreamingSettings] File [C:/Users/User/Documents/GitHub/GameDesign2020/Catch_Down_Coffin/Saved/Config/Windows/Engine.ini]
[2020.11.20-09.45.28:814][  0]LogConfig: Setting CVar [[s.MinBulkDataSizeForAsyncLoading:131072]]
[2020.11.20-09.45.28:814][  0]LogConfig: Setting CVar [[s.AsyncLoadingThreadEnabled:0]]
[2020.11.20-09.45.28:814][  0]LogConfig: Setting CVar [[s.EventDrivenLoaderEnabled:1]]
[2020.11.20-09.45.28:814][  0]LogConfig: Setting CVar [[s.WarnIfTimeLimitExceeded:0]]
[2020.11.20-09.45.28:814][  0]LogConfig: Setting CVar [[s.TimeLimitExceededMultiplier:1.5]]
[2020.11.20-09.45.28:814][  0]LogConfig: Setting CVar [[s.TimeLimitExceededMinTime:0.005]]
[2020.11.20-09.45.28:814][  0]LogConfig: Setting CVar [[s.UseBackgroundLevelStreaming:1]]
[2020.11.20-09.45.28:814][  0]LogConfig: Setting CVar [[s.PriorityAsyncLoadingExtraTime:15.0]]
[2020.11.20-09.45.28:814][  0]LogConfig: Setting CVar [[s.LevelStreamingActorsUpdateTimeLimit:5.0]]
[2020.11.20-09.45.28:814][  0]LogConfig: Setting CVar [[s.PriorityLevelStreamingActorsUpdateExtraTime:5.0]]
[2020.11.20-09.45.28:814][  0]LogConfig: Setting CVar [[s.LevelStreamingComponentsRegistrationGranularity:10]]
[2020.11.20-09.45.28:814][  0]LogConfig: Setting CVar [[s.UnregisterComponentsTimeLimit:1.0]]
[2020.11.20-09.45.28:814][  0]LogConfig: Setting CVar [[s.LevelStreamingComponentsUnregistrationGranularity:5]]
[2020.11.20-09.45.28:814][  0]LogConfig: Setting CVar [[s.FlushStreamingOnExit:1]]
[2020.11.20-09.45.28:814][  0]LogConfig: Applying CVar settings from Section [/Script/Engine.GarbageCollectionSettings] File [C:/Users/User/Documents/GitHub/GameDesign2020/Catch_Down_Coffin/Saved/Config/Windows/Engine.ini]
[2020.11.20-09.45.28:814][  0]LogConfig: Setting CVar [[gc.MaxObjectsNotConsideredByGC:1]]
[2020.11.20-09.45.28:814][  0]LogConfig: Setting CVar [[gc.SizeOfPermanentObjectPool:0]]
[2020.11.20-09.45.28:814][  0]LogConfig: Setting CVar [[gc.FlushStreamingOnGC:0]]
[2020.11.20-09.45.28:814][  0]LogConfig: Setting CVar [[gc.NumRetriesBeforeForcingGC:10]]
[2020.11.20-09.45.28:814][  0]LogConfig: Setting CVar [[gc.AllowParallelGC:1]]
[2020.11.20-09.45.28:814][  0]LogConfig: Setting CVar [[gc.TimeBetweenPurgingPendingKillObjects:61.1]]
[2020.11.20-09.45.28:814][  0]LogConfig: Setting CVar [[gc.MaxObjectsInEditor:25165824]]
[2020.11.20-09.45.28:814][  0]LogConfig: Setting CVar [[gc.IncrementalBeginDestroyEnabled:1]]
[2020.11.20-09.45.28:814][  0]LogConfig: Setting CVar [[gc.CreateGCClusters:1]]
[2020.11.20-09.45.28:814][  0]LogConfig: Setting CVar [[gc.MinGCClusterSize:5]]
[2020.11.20-09.45.28:814][  0]LogConfig: Setting CVar [[gc.ActorClusteringEnabled:0]]
[2020.11.20-09.45.28:814][  0]LogConfig: Setting CVar [[gc.BlueprintClusteringEnabled:0]]
[2020.11.20-09.45.28:815][  0]LogConfig: Setting CVar [[gc.UseDisregardForGCOnDedicatedServers:0]]
[2020.11.20-09.45.28:815][  0]LogConfig: Applying CVar settings from Section [/Script/Engine.NetworkSettings] File [C:/Users/User/Documents/GitHub/GameDesign2020/Catch_Down_Coffin/Saved/Config/Windows/Engine.ini]
[2020.11.20-09.45.28:815][  0]LogConfig: Applying CVar settings from Section [/Script/UnrealEd.CookerSettings] File [C:/Users/User/Documents/GitHub/GameDesign2020/Catch_Down_Coffin/Saved/Config/Windows/Engine.ini]
[2020.11.20-09.45.28:925][  0]LogConfig: Applying CVar settings from Section [ViewDistanceQuality@3] File [C:/Users/User/Documents/GitHub/GameDesign2020/Catch_Down_Coffin/Saved/Config/Windows/Scalability.ini]
[2020.11.20-09.45.28:925][  0]LogConfig: Setting CVar [[r.SkeletalMeshLODBias:0]]
[2020.11.20-09.45.28:925][  0]LogConfig: Setting CVar [[r.ViewDistanceScale:1.0]]
[2020.11.20-09.45.28:925][  0]LogConfig: Applying CVar settings from Section [AntiAliasingQuality@3] File [C:/Users/User/Documents/GitHub/GameDesign2020/Catch_Down_Coffin/Saved/Config/Windows/Scalability.ini]
[2020.11.20-09.45.28:925][  0]LogConfig: Setting CVar [[r.PostProcessAAQuality:4]]
[2020.11.20-09.45.28:925][  0]LogConfig: Applying CVar settings from Section [ShadowQuality@3] File [C:/Users/User/Documents/GitHub/GameDesign2020/Catch_Down_Coffin/Saved/Config/Windows/Scalability.ini]
[2020.11.20-09.45.28:925][  0]LogConfig: Setting CVar [[r.LightFunctionQuality:1]]
[2020.11.20-09.45.28:925][  0]LogConfig: Setting CVar [[r.ShadowQuality:5]]
[2020.11.20-09.45.28:925][  0]LogConfig: Setting CVar [[r.Shadow.CSM.MaxCascades:10]]
[2020.11.20-09.45.28:925][  0]LogConfig: Setting CVar [[r.Shadow.MaxResolution:2048]]
[2020.11.20-09.45.28:925][  0]LogConfig: Setting CVar [[r.Shadow.MaxCSMResolution:2048]]
[2020.11.20-09.45.28:925][  0]LogConfig: Setting CVar [[r.Shadow.RadiusThreshold:0.01]]
[2020.11.20-09.45.28:925][  0]LogConfig: Setting CVar [[r.Shadow.DistanceScale:1.0]]
[2020.11.20-09.45.28:925][  0]LogConfig: Setting CVar [[r.Shadow.CSM.TransitionScale:1.0]]
[2020.11.20-09.45.28:925][  0]LogConfig: Setting CVar [[r.Shadow.PreShadowResolutionFactor:1.0]]
[2020.11.20-09.45.28:925][  0]LogConfig: Setting CVar [[r.DistanceFieldShadowing:1]]
[2020.11.20-09.45.28:925][  0]LogConfig: Setting CVar [[r.DistanceFieldAO:1]]
[2020.11.20-09.45.28:925][  0]LogConfig: Setting CVar [[r.AOQuality:2]]
[2020.11.20-09.45.28:925][  0]LogConfig: Setting CVar [[r.VolumetricFog:1]]
[2020.11.20-09.45.28:925][  0]LogConfig: Setting CVar [[r.VolumetricFog.GridPixelSize:8]]
[2020.11.20-09.45.28:925][  0]LogConfig: Setting CVar [[r.VolumetricFog.GridSizeZ:128]]
[2020.11.20-09.45.28:925][  0]LogConfig: Setting CVar [[r.VolumetricFog.HistoryMissSupersampleCount:4]]
[2020.11.20-09.45.28:925][  0]LogConfig: Setting CVar [[r.LightMaxDrawDistanceScale:1]]
[2020.11.20-09.45.28:925][  0]LogConfig: Setting CVar [[r.CapsuleShadows:1]]
[2020.11.20-09.45.28:925][  0]LogConfig: Applying CVar settings from Section [PostProcessQuality@3] File [C:/Users/User/Documents/GitHub/GameDesign2020/Catch_Down_Coffin/Saved/Config/Windows/Scalability.ini]
[2020.11.20-09.45.28:925][  0]LogConfig: Setting CVar [[r.MotionBlurQuality:4]]
[2020.11.20-09.45.28:925][  0]LogConfig: Setting CVar [[r.AmbientOcclusionMipLevelFactor:0.4]]
[2020.11.20-09.45.28:925][  0]LogConfig: Setting CVar [[r.AmbientOcclusionMaxQuality:100]]
[2020.11.20-09.45.28:925][  0]LogConfig: Setting CVar [[r.AmbientOcclusionLevels:-1]]
[2020.11.20-09.45.28:925][  0]LogConfig: Setting CVar [[r.AmbientOcclusionRadiusScale:1.0]]
[2020.11.20-09.45.28:925][  0]LogConfig: Setting CVar [[r.DepthOfFieldQuality:2]]
[2020.11.20-09.45.28:926][  0]LogConfig: Setting CVar [[r.RenderTargetPoolMin:400]]
[2020.11.20-09.45.28:926][  0]LogConfig: Setting CVar [[r.LensFlareQuality:2]]
[2020.11.20-09.45.28:926][  0]LogConfig: Setting CVar [[r.SceneColorFringeQuality:1]]
[2020.11.20-09.45.28:926][  0]LogConfig: Setting CVar [[r.EyeAdaptationQuality:2]]
[2020.11.20-09.45.28:926][  0]LogConfig: Setting CVar [[r.BloomQuality:5]]
[2020.11.20-09.45.28:926][  0]LogConfig: Setting CVar [[r.FastBlurThreshold:100]]
[2020.11.20-09.45.28:926][  0]LogConfig: Setting CVar [[r.Upscale.Quality:3]]
[2020.11.20-09.45.28:926][  0]LogConfig: Setting CVar [[r.Tonemapper.GrainQuantization:1]]
[2020.11.20-09.45.28:926][  0]LogConfig: Setting CVar [[r.LightShaftQuality:1]]
[2020.11.20-09.45.28:926][  0]LogConfig: Setting CVar [[r.Filter.SizeScale:1]]
[2020.11.20-09.45.28:926][  0]LogConfig: Setting CVar [[r.Tonemapper.Quality:5]]
[2020.11.20-09.45.28:926][  0]LogConfig: Setting CVar [[r.DOF.Gather.AccumulatorQuality:1        ; higher gathering accumulator quality]]
[2020.11.20-09.45.28:926][  0]LogConfig: Setting CVar [[r.DOF.Gather.PostfilterMethod:1          ; Median3x3 postfilering method]]
[2020.11.20-09.45.28:926][  0]LogConfig: Setting CVar [[r.DOF.Gather.EnableBokehSettings:0       ; no bokeh simulation when gathering]]
[2020.11.20-09.45.28:926][  0]LogConfig: Setting CVar [[r.DOF.Gather.RingCount:4                 ; medium number of samples when gathering]]
[2020.11.20-09.45.28:926][  0]LogConfig: Setting CVar [[r.DOF.Scatter.ForegroundCompositing:1    ; additive foreground scattering]]
[2020.11.20-09.45.28:926][  0]LogConfig: Setting CVar [[r.DOF.Scatter.BackgroundCompositing:2    ; additive background scattering]]
[2020.11.20-09.45.28:926][  0]LogConfig: Setting CVar [[r.DOF.Scatter.EnableBokehSettings:1      ; bokeh simulation when scattering]]
[2020.11.20-09.45.28:926][  0]LogConfig: Setting CVar [[r.DOF.Scatter.MaxSpriteRatio:0.1         ; only a maximum of 10% of scattered bokeh]]
[2020.11.20-09.45.28:926][  0]LogConfig: Setting CVar [[r.DOF.Recombine.Quality:1                ; cheap slight out of focus]]
[2020.11.20-09.45.28:926][  0]LogConfig: Setting CVar [[r.DOF.Recombine.EnableBokehSettings:0    ; no bokeh simulation on slight out of focus]]
[2020.11.20-09.45.28:926][  0]LogConfig: Setting CVar [[r.DOF.TemporalAAQuality:1                ; more stable temporal accumulation]]
[2020.11.20-09.45.28:926][  0]LogConfig: Setting CVar [[r.DOF.Kernel.MaxForegroundRadius:0.025]]
[2020.11.20-09.45.28:926][  0]LogConfig: Setting CVar [[r.DOF.Kernel.MaxBackgroundRadius:0.025]]
[2020.11.20-09.45.28:926][  0]LogConfig: Applying CVar settings from Section [TextureQuality@3] File [C:/Users/User/Documents/GitHub/GameDesign2020/Catch_Down_Coffin/Saved/Config/Windows/Scalability.ini]
[2020.11.20-09.45.28:926][  0]LogConfig: Setting CVar [[r.Streaming.MipBias:0]]
[2020.11.20-09.45.28:926][  0]LogConfig: Setting CVar [[r.Streaming.AmortizeCPUToGPUCopy:0]]
[2020.11.20-09.45.28:926][  0]LogConfig: Setting CVar [[r.Streaming.MaxNumTexturesToStreamPerFrame:0]]
[2020.11.20-09.45.28:926][  0]LogConfig: Setting CVar [[r.Streaming.Boost:1]]
[2020.11.20-09.45.28:926][  0]LogConfig: Setting CVar [[r.MaxAnisotropy:8]]
[2020.11.20-09.45.28:926][  0]LogConfig: Setting CVar [[r.VT.MaxAnisotropy:8]]
[2020.11.20-09.45.28:926][  0]LogConfig: Setting CVar [[r.Streaming.LimitPoolSizeToVRAM:0]]
[2020.11.20-09.45.28:926][  0]LogConfig: Setting CVar [[r.Streaming.PoolSize:1000]]
[2020.11.20-09.45.28:926][  0]LogConfig: Setting CVar [[r.Streaming.MaxEffectiveScreenSize:0]]
[2020.11.20-09.45.28:926][  0]LogConfig: Applying CVar settings from Section [EffectsQuality@3] File [C:/Users/User/Documents/GitHub/GameDesign2020/Catch_Down_Coffin/Saved/Config/Windows/Scalability.ini]
[2020.11.20-09.45.28:926][  0]LogConfig: Setting CVar [[r.TranslucencyLightingVolumeDim:64]]
[2020.11.20-09.45.28:926][  0]LogConfig: Setting CVar [[r.RefractionQuality:2]]
[2020.11.20-09.45.28:926][  0]LogConfig: Setting CVar [[r.SSR.Quality:3]]
[2020.11.20-09.45.28:926][  0]LogConfig: Setting CVar [[r.SSR.HalfResSceneColor:0]]
[2020.11.20-09.45.28:926][  0]LogConfig: Setting CVar [[r.SceneColorFormat:4]]
[2020.11.20-09.45.28:926][  0]LogConfig: Setting CVar [[r.DetailMode:2]]
[2020.11.20-09.45.28:926][  0]LogConfig: Setting CVar [[r.TranslucencyVolumeBlur:1]]
[2020.11.20-09.45.28:926][  0]LogConfig: Setting CVar [[r.MaterialQualityLevel:1 ; High quality]]
[2020.11.20-09.45.28:926][  0]LogConfig: Setting CVar [[r.SSS.Scale:1]]
[2020.11.20-09.45.28:926][  0]LogConfig: Setting CVar [[r.SSS.SampleSet:2]]
[2020.11.20-09.45.28:926][  0]LogConfig: Setting CVar [[r.SSS.Quality:1]]
[2020.11.20-09.45.28:926][  0]LogConfig: Setting CVar [[r.SSS.HalfRes:0]]
[2020.11.20-09.45.28:926][  0]LogConfig: Setting CVar [[r.SSGI.Quality:3]]
[2020.11.20-09.45.28:926][  0]LogConfig: Setting CVar [[r.EmitterSpawnRateScale:1.0]]
[2020.11.20-09.45.28:926][  0]LogConfig: Setting CVar [[r.ParticleLightQuality:2]]
[2020.11.20-09.45.28:926][  0]LogConfig: Setting CVar [[r.SkyAtmosphere.AerialPerspectiveLUT.FastApplyOnOpaque:1 ; Always have FastSkyLUT 1 in this case to avoid wrong sky]]
[2020.11.20-09.45.28:926][  0]LogConfig: Setting CVar [[r.SkyAtmosphere.AerialPerspectiveLUT.SampleCountPerSlice:1]]
[2020.11.20-09.45.28:926][  0]LogConfig: Setting CVar [[r.SkyAtmosphere.AerialPerspectiveLUT.DepthResolution:16.0]]
[2020.11.20-09.45.28:926][  0]LogConfig: Setting CVar [[r.SkyAtmosphere.FastSkyLUT:1]]
[2020.11.20-09.45.28:926][  0]LogConfig: Setting CVar [[r.SkyAtmosphere.FastSkyLUT.SampleCountMin:4.0]]
[2020.11.20-09.45.28:926][  0]LogConfig: Setting CVar [[r.SkyAtmosphere.FastSkyLUT.SampleCountMax:32.0]]
[2020.11.20-09.45.28:926][  0]LogConfig: Setting CVar [[r.SkyAtmosphere.SampleCountMin:4.0]]
[2020.11.20-09.45.28:926][  0]LogConfig: Setting CVar [[r.SkyAtmosphere.SampleCountMax:32.0]]
[2020.11.20-09.45.28:926][  0]LogConfig: Setting CVar [[r.SkyAtmosphere.TransmittanceLUT.UseSmallFormat:0]]
[2020.11.20-09.45.28:927][  0]LogConfig: Setting CVar [[r.SkyAtmosphere.TransmittanceLUT.SampleCount:10.0]]
[2020.11.20-09.45.28:927][  0]LogConfig: Setting CVar [[r.SkyAtmosphere.MultiScatteringLUT.SampleCount:15.0]]
[2020.11.20-09.45.28:927][  0]LogConfig: Applying CVar settings from Section [FoliageQuality@3] File [C:/Users/User/Documents/GitHub/GameDesign2020/Catch_Down_Coffin/Saved/Config/Windows/Scalability.ini]
[2020.11.20-09.45.28:927][  0]LogConfig: Setting CVar [[foliage.DensityScale:1.0]]
[2020.11.20-09.45.28:927][  0]LogConfig: Setting CVar [[grass.DensityScale:1.0]]
[2020.11.20-09.45.28:927][  0]LogConfig: Applying CVar settings from Section [ShadingQuality@3] File [C:/Users/User/Documents/GitHub/GameDesign2020/Catch_Down_Coffin/Saved/Config/Windows/Scalability.ini]
[2020.11.20-09.45.28:927][  0]LogConfig: Setting CVar [[r.HairStrands.SkyLighting.SampleCount:16]]
[2020.11.20-09.45.28:927][  0]LogConfig: Setting CVar [[r.HairStrands.SkyLighting.JitterIntegration:0]]
[2020.11.20-09.45.28:927][  0]LogConfig: Setting CVar [[r.HairStrands.SkyAO.SampleCount:16]]
[2020.11.20-09.45.28:927][  0]LogConfig: Setting CVar [[r.HairStrands.DeepShadow.SuperSampling:0]]
[2020.11.20-09.45.28:927][  0]LogConfig: Setting CVar [[r.HairStrands.VisibilityPPLL:0]]
[2020.11.20-09.45.28:927][  0]LogConfig: Setting CVar [[r.HairStrands.RasterizationScale:0.5]]
[2020.11.20-09.45.28:927][  0]LogConfig: Setting CVar [[r.HairStrands.VelocityRasterizationScale:1]]
[2020.11.20-09.45.28:935][  0]LogInit: Selected Device Profile: [Windows]
[2020.11.20-09.45.28:935][  0]LogInit: Applying CVar settings loaded from the selected device profile: [Windows]
[2020.11.20-09.45.28:952][  0]LogHAL: Display: Platform has ~ 8 GB [8540295168 / 8589934592 / 8], which maps to Default [LargestMinGB=32, LargerMinGB=12, DefaultMinGB=8, SmallerMinGB=6, SmallestMinGB=0)
[2020.11.20-09.45.28:953][  0]LogInit: Going up to parent DeviceProfile []
[2020.11.20-09.45.28:953][  0]LogConfig: Applying CVar settings from Section [ViewDistanceQuality@3] File [C:/Users/User/Documents/GitHub/GameDesign2020/Catch_Down_Coffin/Saved/Config/Windows/Scalability.ini]
[2020.11.20-09.45.28:953][  0]LogConfig: Setting CVar [[r.SkeletalMeshLODBias:0]]
[2020.11.20-09.45.28:953][  0]LogConfig: Setting CVar [[r.ViewDistanceScale:1.0]]
[2020.11.20-09.45.28:953][  0]LogConfig: Applying CVar settings from Section [AntiAliasingQuality@3] File [C:/Users/User/Documents/GitHub/GameDesign2020/Catch_Down_Coffin/Saved/Config/Windows/Scalability.ini]
[2020.11.20-09.45.28:953][  0]LogConfig: Setting CVar [[r.PostProcessAAQuality:4]]
[2020.11.20-09.45.28:953][  0]LogConfig: Applying CVar settings from Section [ShadowQuality@3] File [C:/Users/User/Documents/GitHub/GameDesign2020/Catch_Down_Coffin/Saved/Config/Windows/Scalability.ini]
[2020.11.20-09.45.28:953][  0]LogConfig: Setting CVar [[r.LightFunctionQuality:1]]
[2020.11.20-09.45.28:953][  0]LogConfig: Setting CVar [[r.ShadowQuality:5]]
[2020.11.20-09.45.28:953][  0]LogConfig: Setting CVar [[r.Shadow.CSM.MaxCascades:10]]
[2020.11.20-09.45.28:953][  0]LogConfig: Setting CVar [[r.Shadow.MaxResolution:2048]]
[2020.11.20-09.45.28:953][  0]LogConfig: Setting CVar [[r.Shadow.MaxCSMResolution:2048]]
[2020.11.20-09.45.28:953][  0]LogConfig: Setting CVar [[r.Shadow.RadiusThreshold:0.01]]
[2020.11.20-09.45.28:953][  0]LogConfig: Setting CVar [[r.Shadow.DistanceScale:1.0]]
[2020.11.20-09.45.28:953][  0]LogConfig: Setting CVar [[r.Shadow.CSM.TransitionScale:1.0]]
[2020.11.20-09.45.28:953][  0]LogConfig: Setting CVar [[r.Shadow.PreShadowResolutionFactor:1.0]]
[2020.11.20-09.45.28:953][  0]LogConfig: Setting CVar [[r.DistanceFieldShadowing:1]]
[2020.11.20-09.45.28:953][  0]LogConfig: Setting CVar [[r.DistanceFieldAO:1]]
[2020.11.20-09.45.28:953][  0]LogConfig: Setting CVar [[r.AOQuality:2]]
[2020.11.20-09.45.28:953][  0]LogConfig: Setting CVar [[r.VolumetricFog:1]]
[2020.11.20-09.45.28:953][  0]LogConfig: Setting CVar [[r.VolumetricFog.GridPixelSize:8]]
[2020.11.20-09.45.28:953][  0]LogConfig: Setting CVar [[r.VolumetricFog.GridSizeZ:128]]
[2020.11.20-09.45.28:953][  0]LogConfig: Setting CVar [[r.VolumetricFog.HistoryMissSupersampleCount:4]]
[2020.11.20-09.45.28:953][  0]LogConfig: Setting CVar [[r.LightMaxDrawDistanceScale:1]]
[2020.11.20-09.45.28:953][  0]LogConfig: Setting CVar [[r.CapsuleShadows:1]]
[2020.11.20-09.45.28:953][  0]LogConfig: Applying CVar settings from Section [PostProcessQuality@3] File [C:/Users/User/Documents/GitHub/GameDesign2020/Catch_Down_Coffin/Saved/Config/Windows/Scalability.ini]
[2020.11.20-09.45.28:953][  0]LogConfig: Setting CVar [[r.MotionBlurQuality:4]]
[2020.11.20-09.45.28:953][  0]LogConfig: Setting CVar [[r.AmbientOcclusionMipLevelFactor:0.4]]
[2020.11.20-09.45.28:953][  0]LogConfig: Setting CVar [[r.AmbientOcclusionMaxQuality:100]]
[2020.11.20-09.45.28:953][  0]LogConfig: Setting CVar [[r.AmbientOcclusionLevels:-1]]
[2020.11.20-09.45.28:953][  0]LogConfig: Setting CVar [[r.AmbientOcclusionRadiusScale:1.0]]
[2020.11.20-09.45.28:953][  0]LogConfig: Setting CVar [[r.DepthOfFieldQuality:2]]
[2020.11.20-09.45.28:953][  0]LogConfig: Setting CVar [[r.RenderTargetPoolMin:400]]
[2020.11.20-09.45.28:953][  0]LogConfig: Setting CVar [[r.LensFlareQuality:2]]
[2020.11.20-09.45.28:954][  0]LogConfig: Setting CVar [[r.SceneColorFringeQuality:1]]
[2020.11.20-09.45.28:954][  0]LogConfig: Setting CVar [[r.EyeAdaptationQuality:2]]
[2020.11.20-09.45.28:954][  0]LogConfig: Setting CVar [[r.BloomQuality:5]]
[2020.11.20-09.45.28:954][  0]LogConfig: Setting CVar [[r.FastBlurThreshold:100]]
[2020.11.20-09.45.28:954][  0]LogConfig: Setting CVar [[r.Upscale.Quality:3]]
[2020.11.20-09.45.28:954][  0]LogConfig: Setting CVar [[r.Tonemapper.GrainQuantization:1]]
[2020.11.20-09.45.28:954][  0]LogConfig: Setting CVar [[r.LightShaftQuality:1]]
[2020.11.20-09.45.28:954][  0]LogConfig: Setting CVar [[r.Filter.SizeScale:1]]
[2020.11.20-09.45.28:954][  0]LogConfig: Setting CVar [[r.Tonemapper.Quality:5]]
[2020.11.20-09.45.28:954][  0]LogConfig: Setting CVar [[r.DOF.Gather.AccumulatorQuality:1        ; higher gathering accumulator quality]]
[2020.11.20-09.45.28:954][  0]LogConfig: Setting CVar [[r.DOF.Gather.PostfilterMethod:1          ; Median3x3 postfilering method]]
[2020.11.20-09.45.28:954][  0]LogConfig: Setting CVar [[r.DOF.Gather.EnableBokehSettings:0       ; no bokeh simulation when gathering]]
[2020.11.20-09.45.28:954][  0]LogConfig: Setting CVar [[r.DOF.Gather.RingCount:4                 ; medium number of samples when gathering]]
[2020.11.20-09.45.28:954][  0]LogConfig: Setting CVar [[r.DOF.Scatter.ForegroundCompositing:1    ; additive foreground scattering]]
[2020.11.20-09.45.28:954][  0]LogConfig: Setting CVar [[r.DOF.Scatter.BackgroundCompositing:2    ; additive background scattering]]
[2020.11.20-09.45.28:954][  0]LogConfig: Setting CVar [[r.DOF.Scatter.EnableBokehSettings:1      ; bokeh simulation when scattering]]
[2020.11.20-09.45.28:954][  0]LogConfig: Setting CVar [[r.DOF.Scatter.MaxSpriteRatio:0.1         ; only a maximum of 10% of scattered bokeh]]
[2020.11.20-09.45.28:954][  0]LogConfig: Setting CVar [[r.DOF.Recombine.Quality:1                ; cheap slight out of focus]]
[2020.11.20-09.45.28:954][  0]LogConfig: Setting CVar [[r.DOF.Recombine.EnableBokehSettings:0    ; no bokeh simulation on slight out of focus]]
[2020.11.20-09.45.28:954][  0]LogConfig: Setting CVar [[r.DOF.TemporalAAQuality:1                ; more stable temporal accumulation]]
[2020.11.20-09.45.28:954][  0]LogConfig: Setting CVar [[r.DOF.Kernel.MaxForegroundRadius:0.025]]
[2020.11.20-09.45.28:954][  0]LogConfig: Setting CVar [[r.DOF.Kernel.MaxBackgroundRadius:0.025]]
[2020.11.20-09.45.28:954][  0]LogConfig: Applying CVar settings from Section [TextureQuality@3] File [C:/Users/User/Documents/GitHub/GameDesign2020/Catch_Down_Coffin/Saved/Config/Windows/Scalability.ini]
[2020.11.20-09.45.28:954][  0]LogConfig: Setting CVar [[r.Streaming.MipBias:0]]
[2020.11.20-09.45.28:954][  0]LogConfig: Setting CVar [[r.Streaming.AmortizeCPUToGPUCopy:0]]
[2020.11.20-09.45.28:954][  0]LogConfig: Setting CVar [[r.Streaming.MaxNumTexturesToStreamPerFrame:0]]
[2020.11.20-09.45.28:954][  0]LogConfig: Setting CVar [[r.Streaming.Boost:1]]
[2020.11.20-09.45.28:954][  0]LogConfig: Setting CVar [[r.MaxAnisotropy:8]]
[2020.11.20-09.45.28:954][  0]LogConfig: Setting CVar [[r.VT.MaxAnisotropy:8]]
[2020.11.20-09.45.28:954][  0]LogConfig: Setting CVar [[r.Streaming.LimitPoolSizeToVRAM:0]]
[2020.11.20-09.45.28:954][  0]LogConfig: Setting CVar [[r.Streaming.PoolSize:1000]]
[2020.11.20-09.45.28:954][  0]LogConfig: Setting CVar [[r.Streaming.MaxEffectiveScreenSize:0]]
[2020.11.20-09.45.28:954][  0]LogConfig: Applying CVar settings from Section [EffectsQuality@3] File [C:/Users/User/Documents/GitHub/GameDesign2020/Catch_Down_Coffin/Saved/Config/Windows/Scalability.ini]
[2020.11.20-09.45.28:954][  0]LogConfig: Setting CVar [[r.TranslucencyLightingVolumeDim:64]]
[2020.11.20-09.45.28:954][  0]LogConfig: Setting CVar [[r.RefractionQuality:2]]
[2020.11.20-09.45.28:954][  0]LogConfig: Setting CVar [[r.SSR.Quality:3]]
[2020.11.20-09.45.28:954][  0]LogConfig: Setting CVar [[r.SSR.HalfResSceneColor:0]]
[2020.11.20-09.45.28:954][  0]LogConfig: Setting CVar [[r.SceneColorFormat:4]]
[2020.11.20-09.45.28:954][  0]LogConfig: Setting CVar [[r.DetailMode:2]]
[2020.11.20-09.45.28:954][  0]LogConfig: Setting CVar [[r.TranslucencyVolumeBlur:1]]
[2020.11.20-09.45.28:954][  0]LogConfig: Setting CVar [[r.MaterialQualityLevel:1 ; High quality]]
[2020.11.20-09.45.28:954][  0]LogConfig: Setting CVar [[r.SSS.Scale:1]]
[2020.11.20-09.45.28:954][  0]LogConfig: Setting CVar [[r.SSS.SampleSet:2]]
[2020.11.20-09.45.28:954][  0]LogConfig: Setting CVar [[r.SSS.Quality:1]]
[2020.11.20-09.45.28:954][  0]LogConfig: Setting CVar [[r.SSS.HalfRes:0]]
[2020.11.20-09.45.28:954][  0]LogConfig: Setting CVar [[r.SSGI.Quality:3]]
[2020.11.20-09.45.28:954][  0]LogConfig: Setting CVar [[r.EmitterSpawnRateScale:1.0]]
[2020.11.20-09.45.28:954][  0]LogConfig: Setting CVar [[r.ParticleLightQuality:2]]
[2020.11.20-09.45.28:954][  0]LogConfig: Setting CVar [[r.SkyAtmosphere.AerialPerspectiveLUT.FastApplyOnOpaque:1 ; Always have FastSkyLUT 1 in this case to avoid wrong sky]]
[2020.11.20-09.45.28:955][  0]LogConfig: Setting CVar [[r.SkyAtmosphere.AerialPerspectiveLUT.SampleCountPerSlice:1]]
[2020.11.20-09.45.28:955][  0]LogConfig: Setting CVar [[r.SkyAtmosphere.AerialPerspectiveLUT.DepthResolution:16.0]]
[2020.11.20-09.45.28:955][  0]LogConfig: Setting CVar [[r.SkyAtmosphere.FastSkyLUT:1]]
[2020.11.20-09.45.28:955][  0]LogConfig: Setting CVar [[r.SkyAtmosphere.FastSkyLUT.SampleCountMin:4.0]]
[2020.11.20-09.45.28:955][  0]LogConfig: Setting CVar [[r.SkyAtmosphere.FastSkyLUT.SampleCountMax:32.0]]
[2020.11.20-09.45.28:955][  0]LogConfig: Setting CVar [[r.SkyAtmosphere.SampleCountMin:4.0]]
[2020.11.20-09.45.28:955][  0]LogConfig: Setting CVar [[r.SkyAtmosphere.SampleCountMax:32.0]]
[2020.11.20-09.45.28:955][  0]LogConfig: Setting CVar [[r.SkyAtmosphere.TransmittanceLUT.UseSmallFormat:0]]
[2020.11.20-09.45.28:955][  0]LogConfig: Setting CVar [[r.SkyAtmosphere.TransmittanceLUT.SampleCount:10.0]]
[2020.11.20-09.45.28:955][  0]LogConfig: Setting CVar [[r.SkyAtmosphere.MultiScatteringLUT.SampleCount:15.0]]
[2020.11.20-09.45.28:955][  0]LogConfig: Applying CVar settings from Section [FoliageQuality@3] File [C:/Users/User/Documents/GitHub/GameDesign2020/Catch_Down_Coffin/Saved/Config/Windows/Scalability.ini]
[2020.11.20-09.45.28:955][  0]LogConfig: Setting CVar [[foliage.DensityScale:1.0]]
[2020.11.20-09.45.28:955][  0]LogConfig: Setting CVar [[grass.DensityScale:1.0]]
[2020.11.20-09.45.28:955][  0]LogConfig: Applying CVar settings from Section [ShadingQuality@3] File [C:/Users/User/Documents/GitHub/GameDesign2020/Catch_Down_Coffin/Saved/Config/Windows/Scalability.ini]
[2020.11.20-09.45.28:955][  0]LogConfig: Setting CVar [[r.HairStrands.SkyLighting.SampleCount:16]]
[2020.11.20-09.45.28:955][  0]LogConfig: Setting CVar [[r.HairStrands.SkyLighting.JitterIntegration:0]]
[2020.11.20-09.45.28:955][  0]LogConfig: Setting CVar [[r.HairStrands.SkyAO.SampleCount:16]]
[2020.11.20-09.45.28:955][  0]LogConfig: Setting CVar [[r.HairStrands.DeepShadow.SuperSampling:0]]
[2020.11.20-09.45.28:955][  0]LogConfig: Setting CVar [[r.HairStrands.VisibilityPPLL:0]]
[2020.11.20-09.45.28:955][  0]LogConfig: Setting CVar [[r.HairStrands.RasterizationScale:0.5]]
[2020.11.20-09.45.28:955][  0]LogConfig: Setting CVar [[r.HairStrands.VelocityRasterizationScale:1]]
[2020.11.20-09.45.28:955][  0]LogConfig: Applying CVar settings from Section [Startup] File [../../../Engine/Config/ConsoleVariables.ini]
[2020.11.20-09.45.28:972][  0]LogConfig: Setting CVar [[net.UseAdaptiveNetUpdateFrequency:0]]
[2020.11.20-09.45.28:972][  0]LogConfig: Setting CVar [[p.chaos.AllowCreatePhysxBodies:1]]
[2020.11.20-09.45.28:972][  0]LogConfig: Setting CVar [[fx.SkipVectorVMBackendOptimizations:1]]
[2020.11.20-09.45.28:972][  0]LogConfig: Applying CVar settings from Section [ConsoleVariables] File [C:/Users/User/Documents/GitHub/GameDesign2020/Catch_Down_Coffin/Saved/Config/Windows/Engine.ini]
[2020.11.20-09.45.29:002][  0]LogInit: Computer: RAY_PC
[2020.11.20-09.45.29:002][  0]LogInit: User: User
[2020.11.20-09.45.29:002][  0]LogInit: CPU Page size=4096, Cores=4
[2020.11.20-09.45.29:002][  0]LogInit: High frequency timer resolution =10.000000 MHz
[2020.11.20-09.45.29:002][  0]LogMemory: Memory total: Physical=8.0GB (8GB approx)
[2020.11.20-09.45.29:002][  0]LogMemory: Platform Memory Stats for Windows
[2020.11.20-09.45.29:002][  0]LogMemory: Process Physical Memory: 113.44 MB used, 113.45 MB peak
[2020.11.20-09.45.29:002][  0]LogMemory: Process Virtual Memory: 95.16 MB used, 95.16 MB peak
[2020.11.20-09.45.29:002][  0]LogMemory: Physical Memory: 5373.45 MB used,  2771.21 MB free, 8144.66 MB total
[2020.11.20-09.45.29:002][  0]LogMemory: Virtual Memory: 5126.73 MB used,  134212600.00 MB free, 134217728.00 MB total
[2020.11.20-09.45.29:017][  0]LogWindows: WindowsPlatformFeatures enabled
[2020.11.20-09.45.29:952][  0]LogInit: Physics initialised using underlying interface: PhysX
[2020.11.20-09.45.29:961][  0]LogInit: Using OS detected language (en-US).
[2020.11.20-09.45.29:961][  0]LogInit: Using OS detected locale (en-US).
[2020.11.20-09.45.29:995][  0]LogTextLocalizationManager: No specific localization for 'en-US' exists, so the 'en' localization will be used.
[2020.11.20-09.45.30:841][  0]LogInit: Setting process to per monitor DPI aware
[2020.11.20-09.45.31:462][  0]LogSlate: New Slate User Created.  User Index 0, Is Virtual User: 0
[2020.11.20-09.45.31:462][  0]LogSlate: Slate User Registered.  User Index 0, Is Virtual User: 0
[2020.11.20-09.45.38:588][  0]LogHMD: Failed to initialize OpenVR with code 110
[2020.11.20-09.45.38:588][  0]LogD3D11RHI: D3D11 min allowed feature level: 11_0
[2020.11.20-09.45.38:588][  0]LogD3D11RHI: D3D11 max allowed feature level: 11_0
[2020.11.20-09.45.38:588][  0]LogD3D11RHI: D3D11 adapters:
[2020.11.20-09.45.39:135][  0]LogD3D11RHI:    0. 'NVIDIA GeForce GTX 750 Ti' (Feature Level 11_0)
[2020.11.20-09.45.39:135][  0]LogD3D11RHI:       2007/0/4072 MB DedicatedVideo/DedicatedSystem/SharedSystem, Outputs:1, VendorId:0x10de
[2020.11.20-09.45.39:163][  0]LogD3D11RHI:    1. 'Microsoft Basic Render Driver' (Feature Level 11_0)
[2020.11.20-09.45.39:163][  0]LogD3D11RHI:       0/0/4072 MB DedicatedVideo/DedicatedSystem/SharedSystem, Outputs:0, VendorId:0x1414
[2020.11.20-09.45.39:163][  0]LogD3D11RHI: Chosen D3D11 Adapter: 0
[2020.11.20-09.45.39:173][  0]LogD3D11RHI: Creating new Direct3DDevice
[2020.11.20-09.45.39:173][  0]LogD3D11RHI:     GPU DeviceId: 0x1380 (for the marketing name, search the web for "GPU Device Id")
[2020.11.20-09.45.39:173][  0]LogWindows: EnumDisplayDevices:
[2020.11.20-09.45.39:173][  0]LogWindows:    0. 'NVIDIA GeForce GTX 750 Ti' (P:1 D:1)
[2020.11.20-09.45.39:173][  0]LogWindows:    1. 'NVIDIA GeForce GTX 750 Ti' (P:0 D:0)
[2020.11.20-09.45.39:174][  0]LogWindows:    2. 'NVIDIA GeForce GTX 750 Ti' (P:0 D:0)
[2020.11.20-09.45.39:174][  0]LogWindows: DebugString: FoundDriverCount:3 
[2020.11.20-09.45.39:174][  0]LogD3D11RHI:     Adapter Name: NVIDIA GeForce GTX 750 Ti
[2020.11.20-09.45.39:174][  0]LogD3D11RHI:   Driver Version: 442.19 (internal:26.21.14.4219, unified:442.19)
[2020.11.20-09.45.39:174][  0]LogD3D11RHI:      Driver Date: 1-29-2020
[2020.11.20-09.45.39:185][  0]LogRHI: Texture pool is 1405 MB (70% of 2007 MB)
[2020.11.20-09.45.39:263][  0]LogD3D11RHI: RHI has support for 64 bit atomics
[2020.11.20-09.45.39:298][  0]LogD3D11RHI: [Aftermath] Enabled and primed
[2020.11.20-09.45.39:298][  0]LogD3D11RHI: Async texture creation enabled
[2020.11.20-09.45.39:803][  0]LogD3D11RHI: GPU Timing Frequency: 1000.000000 (Debug: 2 1)
[2020.11.20-09.45.41:814][  0]LogTargetPlatformManager: Display: Loaded TargetPlatform 'AllDesktop'
[2020.11.20-09.45.41:854][  0]LogTargetPlatformManager: Display: Loaded TargetPlatform 'Android'
[2020.11.20-09.45.41:854][  0]LogTargetPlatformManager: Display: Loaded TargetPlatform 'Android_ASTC'
[2020.11.20-09.45.41:854][  0]LogTargetPlatformManager: Display: Loaded TargetPlatform 'Android_DXT'
[2020.11.20-09.45.41:854][  0]LogTargetPlatformManager: Display: Loaded TargetPlatform 'Android_ETC2'
[2020.11.20-09.45.41:854][  0]LogTargetPlatformManager: Display: Loaded TargetPlatform 'AndroidClient'
[2020.11.20-09.45.41:854][  0]LogTargetPlatformManager: Display: Loaded TargetPlatform 'Android_ASTCClient'
[2020.11.20-09.45.41:854][  0]LogTargetPlatformManager: Display: Loaded TargetPlatform 'Android_DXTClient'
[2020.11.20-09.45.41:854][  0]LogTargetPlatformManager: Display: Loaded TargetPlatform 'Android_ETC2Client'
[2020.11.20-09.45.41:854][  0]LogTargetPlatformManager: Display: Loaded TargetPlatform 'Android_Multi'
[2020.11.20-09.45.41:854][  0]LogTargetPlatformManager: Display: Loaded TargetPlatform 'Android_MultiClient'
[2020.11.20-09.45.41:952][  0]LogTargetPlatformManager: Display: Loaded TargetPlatform 'IOSClient'
[2020.11.20-09.45.41:953][  0]LogTargetPlatformManager: Display: Loaded TargetPlatform 'IOS'
[2020.11.20-09.45.42:013][  0]LogTargetPlatformManager: Display: Loaded TargetPlatform 'Linux'
[2020.11.20-09.45.42:033][  0]LogTargetPlatformManager: Display: Loaded TargetPlatform 'LinuxNoEditor'
[2020.11.20-09.45.42:053][  0]LogTargetPlatformManager: Display: Loaded TargetPlatform 'LinuxClient'
[2020.11.20-09.45.42:072][  0]LogTargetPlatformManager: Display: Loaded TargetPlatform 'LinuxServer'
[2020.11.20-09.45.42:089][  0]LogTargetPlatformManager: Display: Loaded TargetPlatform 'LinuxAArch64NoEditor'
[2020.11.20-09.45.42:103][  0]LogTargetPlatformManager: Display: Loaded TargetPlatform 'LinuxAArch64Client'
[2020.11.20-09.45.42:118][  0]LogTargetPlatformManager: Display: Loaded TargetPlatform 'LinuxAArch64Server'
[2020.11.20-09.45.42:158][  0]LogTargetPlatformManager: Display: Loaded TargetPlatform 'Lumin'
[2020.11.20-09.45.42:158][  0]LogTargetPlatformManager: Display: Loaded TargetPlatform 'LuminClient'
[2020.11.20-09.45.42:198][  0]LogTargetPlatformManager: Display: Loaded TargetPlatform 'TVOSClient'
[2020.11.20-09.45.42:198][  0]LogTargetPlatformManager: Display: Loaded TargetPlatform 'TVOS'
[2020.11.20-09.45.42:247][  0]LogTargetPlatformManager: Display: Loaded TargetPlatform 'WindowsNoEditor'
[2020.11.20-09.45.42:274][  0]LogTargetPlatformManager: Display: Loaded TargetPlatform 'Windows'
[2020.11.20-09.45.42:294][  0]LogTargetPlatformManager: Display: Loaded TargetPlatform 'WindowsClient'
[2020.11.20-09.45.42:309][  0]LogTargetPlatformManager: Display: Loaded TargetPlatform 'WindowsServer'
[2020.11.20-09.45.42:309][  0]LogTargetPlatformManager: Display: Building Assets For Windows
[2020.11.20-09.45.42:414][  0]LogAudioDebug: Display: Lib vorbis DLL was dynamically loaded.
[2020.11.20-09.45.43:048][  0]LogShaderCompilers: Guid format shader working directory is -30 characters bigger than the processId version (../../../../../Users/User/Documents/GitHub/GameDesign2020/Catch_Down_Coffin/Intermediate/Shaders/WorkingDirectory/6268/).
[2020.11.20-09.45.43:048][  0]LogShaderCompilers: Cleaned the shader compiler working directory 'C:/Users/User/AppData/Local/Temp/UnrealShaderWorkingDir/A825D69C4D7F559499DDBB9228DC639B/'.
[2020.11.20-09.45.43:077][  0]LogXGEController: Cleaning working directory: C:/Users/User/AppData/Local/Temp/UnrealXGEWorkingDir/
[2020.11.20-09.45.43:077][  0]LogXGEController: Cannot use XGE Controller as Incredibuild is not installed on this machine.
[2020.11.20-09.45.43:077][  0]LogShaderCompilers: Cannot use XGE Shader Compiler as Incredibuild is not installed on this machine.
[2020.11.20-09.45.43:077][  0]LogShaderCompilers: Display: Using Local Shader Compiler.
[2020.11.20-09.45.48:908][  0]LogDerivedDataCache: Display: Max Cache Size: 512 MB
[2020.11.20-09.45.49:595][  0]LogDerivedDataCache: Loaded boot cache 0.69s 76MB C:/Users/User/AppData/Local/UnrealEngine/4.25/DerivedDataCache/Boot.ddc.
[2020.11.20-09.45.49:595][  0]LogDerivedDataCache: Display: Loaded Boot cache: C:/Users/User/AppData/Local/UnrealEngine/4.25/DerivedDataCache/Boot.ddc
[2020.11.20-09.45.49:595][  0]LogDerivedDataCache: FDerivedDataBackendGraph:  Pak pak cache file ../../../../../Users/User/Documents/GitHub/GameDesign2020/Catch_Down_Coffin/DerivedDataCache/DDC.ddp not found, will not use a pak cache.
[2020.11.20-09.45.49:595][  0]LogDerivedDataCache: Unable to find inner node Pak for hierarchical cache Hierarchy.
[2020.11.20-09.45.49:596][  0]LogDerivedDataCache: FDerivedDataBackendGraph:  CompressedPak pak cache file ../../../../../Users/User/Documents/GitHub/GameDesign2020/Catch_Down_Coffin/DerivedDataCache/Compressed.ddp not found, will not use a pak cache.
[2020.11.20-09.45.49:596][  0]LogDerivedDataCache: Unable to find inner node CompressedPak for hierarchical cache Hierarchy.
[2020.11.20-09.45.49:607][  0]LogDerivedDataCache: Display: Pak cache opened for reading ../../../Engine/DerivedDataCache/Compressed.ddp.
[2020.11.20-09.45.49:608][  0]LogDerivedDataCache: FDerivedDataBackendGraph:  EnterprisePak pak cache file ../../../Enterprise/DerivedDataCache/Compressed.ddp not found, will not use a pak cache.
[2020.11.20-09.45.49:608][  0]LogDerivedDataCache: Unable to find inner node EnterprisePak for hierarchical cache Hierarchy.
[2020.11.20-09.45.49:609][  0]LogDerivedDataCache: Using Local data cache path C:/Users/User/AppData/Local/UnrealEngine/Common/DerivedDataCache: Writable
[2020.11.20-09.45.49:609][  0]LogDerivedDataCache: Shared data cache path not found in *engine.ini, will not use an Shared cache.
[2020.11.20-09.45.49:609][  0]LogDerivedDataCache: Unable to find inner node Shared for hierarchical cache Hierarchy.
[2020.11.20-09.45.49:783][  0]LogSlate: Using FreeType 2.10.0
[2020.11.20-09.45.49:865][  0]LogSlate: SlateFontServices - WITH_FREETYPE: 1, WITH_HARFBUZZ: 1
[2020.11.20-09.45.51:184][  0]LogAssetRegistry: FAssetRegistry took 0.0144 seconds to start up
[2020.11.20-09.45.55:555][  0]LogInit: Selected Device Profile: [Windows]
[2020.11.20-09.45.57:997][  0]LogMeshReduction: Using QuadricMeshReduction for automatic static mesh reduction
[2020.11.20-09.45.57:997][  0]LogMeshReduction: Using SimplygonMeshReduction for automatic skeletal mesh reduction
[2020.11.20-09.45.57:997][  0]LogMeshReduction: Using ProxyLODMeshReduction for automatic mesh merging
[2020.11.20-09.45.57:997][  0]LogMeshReduction: No distributed automatic mesh merging module available
[2020.11.20-09.45.58:007][  0]LogMeshMerging: No distributed automatic mesh merging module available
[2020.11.20-09.45.58:840][  0]LogNetVersion: Catch_Down_Coffin 1.0.0, NetCL: 13144385, EngineNetVer: 14, GameNetVer: 0 (Checksum: 3294709198)
[2020.11.20-09.46.18:364][  0]LogAISub: UAISubsystem::UAISubsystem AISubsystem (0000018622152980), frame # 0
[2020.11.20-09.46.18:364][  0]LogAISub: UAISubsystem::UAISubsystem AIPerceptionSystem (0000018622FBD1C0), frame # 0
[2020.11.20-09.46.18:372][  0]LogAISub: UAISubsystem::UAISubsystem EnvQueryManager (0000018623005C00), frame # 0
[2020.11.20-09.46.18:717][  0]LogPackageLocalizationCache: Processed 19 localized package path(s) for 1 prioritized culture(s) in 0.089926 seconds
[2020.11.20-09.46.18:746][  0]LogUObjectArray: 15917 objects as part of root set at end of initial load.
[2020.11.20-09.46.18:746][  0]LogUObjectAllocator: 3965568 out of 0 bytes used by permanent object pool.
[2020.11.20-09.46.18:746][  0]LogUObjectArray: CloseDisregardForGC: 0/0 objects in disregard for GC pool
[2020.11.20-09.46.23:020][  0]LogTcpMessaging: Initializing TcpMessaging bridge
[2020.11.20-09.46.23:053][  0]LogUdpMessaging: Initializing bridge on interface 0.0.0.0:0 to multicast group 230.0.0.1:6666.
[2020.11.20-09.46.23:793][  0]SourceControl: Source control is disabled
[2020.11.20-09.46.23:805][  0]SourceControl: Source control is disabled
[2020.11.20-09.46.23:903][  0]SourceControl: Source control is disabled
[2020.11.20-09.46.23:931][  0]SourceControl: Source control is disabled
[2020.11.20-09.46.23:971][  0]SourceControl: Source control is disabled
[2020.11.20-09.46.24:025][  0]LogVSAccessor: Display: Unable to create Visual Studio setup instance: 80040154
[2020.11.20-09.46.24:026][  0]LogVSAccessor: Display: Unable to create Visual Studio setup instance: 80040154
[2020.11.20-09.46.26:368][  0]LogAndroidPermission: UAndroidPermissionCallbackProxy::GetInstance
[2020.11.20-09.46.26:527][  0]LogAudioCaptureCore: Display: No Audio Capture implementations found. Audio input will be silent.
[2020.11.20-09.46.26:527][  0]LogAudioCaptureCore: Display: No Audio Capture implementations found. Audio input will be silent.
[2020.11.20-09.46.26:775][  0]LogOcInput: OculusInput pre-init called
[2020.11.20-09.46.26:873][  0]LogWindows: Failed to load 'OVRPlugin.dll' (GetLastError=126)
[2020.11.20-09.46.26:873][  0]LogWindows: File 'OVRPlugin.dll' does not exist
[2020.11.20-09.46.27:938][  0]LogEngine: Initializing Engine...
[2020.11.20-09.46.27:969][  0]LogHMD: Failed to initialize OpenVR with code 110
[2020.11.20-09.46.27:969][  0]LogMagicLeap: Warning: VR disabled because ZI is not enabled.  To enable, in the editor, Edit -> Project Settings -> Plugins -> Magic Leap Plugin -> Enable Zero Iteration
[2020.11.20-09.46.28:009][  0]LogStats: UGameplayTagsManager::InitializeManager -  0.025 s
[2020.11.20-09.46.28:201][  0]LogInit: Initializing FReadOnlyCVARCache
[2020.11.20-09.46.28:729][  0]LogAIModule: Creating AISystem for world Untitled
[2020.11.20-09.46.28:729][  0]LogAISub: UAISubsystem::UAISubsystem EnvQueryManager (0000018625493C00), frame # 0
[2020.11.20-09.46.28:729][  0]LogAISub: UAISubsystem::UAISubsystem AIPerceptionSystem (00000186254DDA80), frame # 0
[2020.11.20-09.46.28:801][  0]LogAudioMixer: Display: Audio Mixer Platform Settings:
[2020.11.20-09.46.28:801][  0]LogAudioMixer: Display: 	Sample Rate:						  48000
[2020.11.20-09.46.28:801][  0]LogAudioMixer: Display: 	Callback Buffer Frame Size Requested: 1024
[2020.11.20-09.46.28:801][  0]LogAudioMixer: Display: 	Callback Buffer Frame Size To Use:	  1024
[2020.11.20-09.46.28:801][  0]LogAudioMixer: Display: 	Number of buffers to queue:			  2
[2020.11.20-09.46.28:801][  0]LogAudioMixer: Display: 	Max Channels (voices):				  32
[2020.11.20-09.46.28:801][  0]LogAudioMixer: Display: 	Number of Async Source Workers:		  0
[2020.11.20-09.46.28:811][  0]LogAudio: Display: AudioDevice MaxSources: 32
[2020.11.20-09.46.28:827][  0]LogAudio: Display: Using built-in audio occlusion.
[2020.11.20-09.46.28:827][  0]LogAudioMixer: Display: Initializing audio mixer.
[2020.11.20-09.46.28:982][  0]LogAudioMixer: Display: 0: FrontLeft
[2020.11.20-09.46.28:982][  0]LogAudioMixer: Display: 1: FrontRight
[2020.11.20-09.46.29:144][  0]LogAudioMixer: Display: Using Audio Device Speakers (Realtek High Definition Audio)
[2020.11.20-09.46.29:163][  0]LogAudioMixer: Display: Initializing Sound Submixes...
[2020.11.20-09.46.29:165][  0]LogAudioMixer: Display: Creating Master Submix 'MasterSubmixDefault'
[2020.11.20-09.46.29:165][  0]LogAudioMixer: Display: Creating Master Submix 'MasterReverbSubmixDefault'
[2020.11.20-09.46.29:167][  0]LogAudioMixer: Display: Creating Master Submix 'MasterEQSubmixDefault'
[2020.11.20-09.46.29:168][  0]LogInit: FAudioDevice initialized.
[2020.11.20-09.46.29:169][  0]LogNetVersion: Set ProjectVersion to 1.0.0.0. Version Checksum will be recalculated on next use.
[2020.11.20-09.46.29:304][  0]LogDerivedDataCache: Saved boot cache 0.14s 76MB C:/Users/User/AppData/Local/UnrealEngine/4.25/DerivedDataCache/Boot.ddc.
[2020.11.20-09.46.29:308][  0]LogInit: Texture streaming: Enabled
[2020.11.20-09.46.29:489][  0]LogEngineSessionManager: EngineSessionManager initialized
[2020.11.20-09.46.29:489][  0]LogEngineSessionManager: EngineSessionManager sent abnormal shutdown report. Type=AbnormalShutdown, SessionId={43F38D69-4051-64A9-1A7F-E4AE0208EC11}
[2020.11.20-09.46.29:489][  0]LogEditorSessionSummary: Verbose: Initializing EditorSessionSummaryWriter for editor session tracking
[2020.11.20-09.46.29:726][  0]LogEditorSessionSummary: EditorSessionSummaryWriter initialized
[2020.11.20-09.46.30:966][  0]LogInit: Transaction tracking system initialized
[2020.11.20-09.46.32:087][  0]BlueprintLog: New page: Editor Load
[2020.11.20-09.46.36:408][  0]LocalizationService: Localization service is disabled
[2020.11.20-09.46.39:056][  0]LogVSAccessor: Display: Unable to create Visual Studio setup instance: 80040154
[2020.11.20-09.46.39:057][  0]LogVSAccessor: Display: Unable to create Visual Studio setup instance: 80040154
[2020.11.20-09.46.40:757][  0]LogFileCache: Scanning file cache for directory 'C:/Users/User/Documents/GitHub/GameDesign2020/Catch_Down_Coffin/Content/' took 0.05s
[2020.11.20-09.46.40:757][  0]LogCook: Display: Max memory allowance for cook 16384mb min free memory 0mb
[2020.11.20-09.46.40:757][  0]LogCook: Display: Mobile HDR setting 1
[2020.11.20-09.46.48:591][  0]SourceControl: Source control is disabled
[2020.11.20-09.46.48:617][  0]LogUnrealEdMisc: Loading editor; pre map load, took 111.646
[2020.11.20-09.46.48:768][  0]Cmd: MAP LOAD FILE="../../../../../Users/User/Documents/GitHub/GameDesign2020/Catch_Down_Coffin/Content/Project_Game/Maps/UI/UI_Before_Play.umap" TEMPLATE=0 SHOWPROGRESS=1 FEATURELEVEL=3
[2020.11.20-09.46.48:894][  0]LogEditorServer: Warning: Can't find file '../../../../../Users/User/Documents/GitHub/GameDesign2020/Catch_Down_Coffin/Content/Project_Game/Maps/UI/UI_Before_Play.umap'
[2020.11.20-09.46.48:925][  0]Cmd: MAP CHECKDEP NOCLEARLOG
[2020.11.20-09.46.49:054][  0]MapCheck: Map check complete: 0 Error(s), 0 Warning(s), took 110.699ms to complete.
[2020.11.20-09.46.49:054][  0]LogFileHelpers: Loading map 'UI_Before_Play' took 0.381
[2020.11.20-09.46.53:817][  0]LogUnrealEdMisc: Total Editor Startup Time, took 116.846
[2020.11.20-09.46.56:661][  0]LogSlate: Updating window title bar state: overlay mode, drag disabled, window buttons hidden, title bar hidden
[2020.11.20-09.46.56:685][  0]LogSlate: Updating window title bar state: overlay mode, drag disabled, window buttons hidden, title bar hidden
[2020.11.20-09.46.56:693][  0]LogSlate: Updating window title bar state: overlay mode, drag disabled, window buttons hidden, title bar hidden
[2020.11.20-09.46.56:701][  0]LogSlate: Updating window title bar state: overlay mode, drag disabled, window buttons hidden, title bar hidden
[2020.11.20-09.46.57:082][  0]LogCollectionManager: Loaded 0 collections in 0.002486 seconds
[2020.11.20-09.46.57:744][  0]LogFileCache: Scanning file cache for directory 'C:/Users/User/Documents/GitHub/GameDesign2020/Catch_Down_Coffin/Saved/Collections/' took 0.00s
[2020.11.20-09.46.57:744][  0]LogFileCache: Scanning file cache for directory 'C:/Users/User/Documents/GitHub/GameDesign2020/Catch_Down_Coffin/Content/Developers/User/Collections/' took 0.00s
[2020.11.20-09.46.57:744][  0]LogFileCache: Scanning file cache for directory 'C:/Users/User/Documents/GitHub/GameDesign2020/Catch_Down_Coffin/Content/Collections/' took 0.00s
[2020.11.20-09.46.57:744][  0]LogContentBrowser: Native class hierarchy populated in 0.0105 seconds. Added 3427 classes and 821 folders.
[2020.11.20-09.46.58:126][  0]LogContentBrowser: Native class hierarchy updated for 'WidgetCarousel' in 0.0004 seconds. Added 0 classes and 0 folders.
[2020.11.20-09.47.02:119][  0]LogContentBrowser: Native class hierarchy updated for 'AddContentDialog' in 0.0003 seconds. Added 0 classes and 0 folders.
[2020.11.20-09.47.02:493][  0]LogContentBrowser: Native class hierarchy updated for 'SceneOutliner' in 0.0003 seconds. Added 2 classes and 0 folders.
[2020.11.20-09.47.05:350][  0]LogContentBrowser: Native class hierarchy updated for 'HierarchicalLODOutliner' in 0.0003 seconds. Added 0 classes and 0 folders.
[2020.11.20-09.47.05:350][  0]LogLoad: (Engine Initialization) Total time: 128.38 seconds
[2020.11.20-09.47.05:350][  0]LogLoad: (Engine Initialization) Total Blueprint compile time: 0.00 seconds
[2020.11.20-09.47.06:068][  0]LogContentStreaming: Texture pool size now 1000 MB
[2020.11.20-09.47.06:379][  0]LogSlate: Took 0.128474 seconds to synchronously load lazily loaded font '../../../Engine/Content/Slate/Fonts/Roboto-Regular.ttf' (155K)
[2020.11.20-09.47.06:591][  0]LogSlate: Took 0.173102 seconds to synchronously load lazily loaded font '../../../Engine/Content/Slate/Fonts/Roboto-Bold.ttf' (160K)
[2020.11.20-09.47.06:730][  0]LogSlate: Took 0.066811 seconds to synchronously load lazily loaded font '../../../Engine/Content/Editor/Slate/Fonts/FontAwesome.ttf' (139K)
[2020.11.20-09.47.07:664][  1]LogRenderer: Reallocating scene render targets to support 572x368 Format 10 NumSamples 1 (Frame:1).
[2020.11.20-09.47.07:748][  1]LogAssetRegistry: Asset discovery search completed in 76.5666 seconds
[2020.11.20-09.47.07:752][  1]LogCollectionManager: Fixed up redirectors for 0 collections in 0.000003 seconds (updated 0 objects)
[2020.11.20-09.47.08:236][  1]LogSlate: Took 0.029542 seconds to synchronously load lazily loaded font '../../../Engine/Content/Slate/Fonts/Roboto-Light.ttf' (167K)
[2020.11.20-09.47.08:780][  2]LogSlate: Took 0.000175 seconds to synchronously load lazily loaded font '../../../Engine/Content/Slate/Fonts/Roboto-Light.ttf' (167K)
[2020.11.20-09.47.41:934][ 99]LogRenderer: Reallocating scene render targets to support 1208x572 Format 10 NumSamples 1 (Frame:2).
[2020.11.20-09.47.47:883][595]LogTemp: Repeating last play command: New Editor Window (PIE)
[2020.11.20-09.47.48:396][595]LogPlayLevel: PlayLevel: No blueprints needed recompiling
[2020.11.20-09.47.48:700][595]PIE: New page: PIE session: Untitled_0 (Nov 20, 2020, 11:47:48 PM)
[2020.11.20-09.47.49:094][595]LogOnline: OSS: Creating online subsystem instance for: NULL
[2020.11.20-09.47.49:108][595]LogOnline: OSS: TryLoadSubsystemAndSetDefault: Loaded subsystem for module [NULL]
[2020.11.20-09.47.49:202][595]LogPlayLevel: Creating play world package: /Temp/UEDPIE_0_Untitled_0
[2020.11.20-09.47.49:877][595]LogPlayLevel: PIE: StaticDuplicateObject took: (0.674415s)
[2020.11.20-09.47.49:988][595]LogAIModule: Creating AISystem for world Untitled
[2020.11.20-09.47.49:988][595]LogAISub: UAISubsystem::UAISubsystem EnvQueryManager (0000018640D54400), frame # 595
[2020.11.20-09.47.49:988][595]LogAISub: UAISubsystem::UAISubsystem AIPerceptionSystem (00000186673CE5C0), frame # 595
[2020.11.20-09.47.49:989][595]LogPlayLevel: PIE: World Init took: (0.111260s)
[2020.11.20-09.47.50:009][595]LogPlayLevel: PIE: Created PIE world by copying editor world from /Temp/Untitled_0.Untitled to /Temp/UEDPIE_0_Untitled_0.Untitled (0.806487s)
[2020.11.20-09.47.51:839][595]LogUObjectHash: Compacting FUObjectHashTables data took   1.02ms
[2020.11.20-09.47.51:999][595]LogAudioMixer: Display: Audio Mixer Platform Settings:
[2020.11.20-09.47.51:999][595]LogAudioMixer: Display: 	Sample Rate:						  48000
[2020.11.20-09.47.51:999][595]LogAudioMixer: Display: 	Callback Buffer Frame Size Requested: 1024
[2020.11.20-09.47.51:999][595]LogAudioMixer: Display: 	Callback Buffer Frame Size To Use:	  1024
[2020.11.20-09.47.51:999][595]LogAudioMixer: Display: 	Number of buffers to queue:			  2
[2020.11.20-09.47.51:999][595]LogAudioMixer: Display: 	Max Channels (voices):				  32
[2020.11.20-09.47.51:999][595]LogAudioMixer: Display: 	Number of Async Source Workers:		  0
[2020.11.20-09.47.51:999][595]LogAudio: Display: AudioDevice MaxSources: 32
[2020.11.20-09.47.52:000][595]LogAudio: Display: Using built-in audio occlusion.
[2020.11.20-09.47.52:000][595]LogAudioMixer: Display: Initializing audio mixer.
[2020.11.20-09.47.52:003][595]LogAudioMixer: Display: 0: FrontLeft
[2020.11.20-09.47.52:003][595]LogAudioMixer: Display: 1: FrontRight
[2020.11.20-09.47.52:034][595]LogAudioMixer: Display: Using Audio Device Speakers (Realtek High Definition Audio)
[2020.11.20-09.47.52:034][595]LogAudioMixer: Display: Initializing Sound Submixes...
[2020.11.20-09.47.52:034][595]LogAudioMixer: Display: Creating Master Submix 'MasterSubmixDefault'
[2020.11.20-09.47.52:034][595]LogAudioMixer: Display: Creating Master Submix 'MasterReverbSubmixDefault'
[2020.11.20-09.47.52:035][595]LogAudioMixer: Display: Creating Master Submix 'MasterEQSubmixDefault'
[2020.11.20-09.47.52:055][595]LogInit: FAudioDevice initialized.
[2020.11.20-09.47.52:244][595]LogSlate: Updating window title bar state: overlay mode, drag disabled, window buttons hidden, title bar hidden
[2020.11.20-09.48.00:464][595]LogLoad: Game class is 'ThirdPersonGameMode_C'
[2020.11.20-09.48.02:141][595]LogWorld: Bringing World /Temp/UEDPIE_0_Untitled_0.Untitled up for play (max tick rate 0) at 2020.11.20-16.48.02
[2020.11.20-09.48.02:250][595]LogWorld: Bringing up level for play took: 0.313911
[2020.11.20-09.48.02:526][595]LogOnline: OSS: Creating online subsystem instance for: :Context_1
[2020.11.20-09.48.03:544][595]LogContentBrowser: Native class hierarchy updated for 'MovieSceneCapture' in 0.0004 seconds. Added 20 classes and 0 folders.
[2020.11.20-09.48.06:083][595]PIE: Server logged in
[2020.11.20-09.48.06:122][595]PIE: Play in editor total start time 18.09 seconds.
[2020.11.20-09.48.07:503][596]LogRenderer: Reallocating scene render targets to support 1280x720 Format 10 NumSamples 1 (Frame:1).
[2020.11.20-09.48.25:660][479]LogSlate: Window 'Catch_Down_Coffin Preview [NetMode: Standalone] (64-bit/Windows) ' being destroyed
[2020.11.20-09.48.26:003][479]LogWorld: BeginTearingDown for /Temp/UEDPIE_0_Untitled_0
[2020.11.20-09.48.26:099][479]LogWorld: UWorld::CleanupWorld for Untitled, bSessionEnded=true, bCleanupResources=true
[2020.11.20-09.48.26:146][479]LogSlate: InvalidateAllWidgets triggered.  All widgets were invalidated
[2020.11.20-09.48.26:235][479]LogPlayLevel: Display: Shutting down PIE online subsystems
[2020.11.20-09.48.26:353][479]LogSlate: InvalidateAllWidgets triggered.  All widgets were invalidated
[2020.11.20-09.48.26:913][479]LogAISub: UAISubsystem::~UAISubsystem EnvQueryManager (0000018640D54400), frame # 2479
[2020.11.20-09.48.26:928][479]LogAISub: UAISubsystem::~UAISubsystem AIPerceptionSystem (00000186673CE5C0), frame # 2479
[2020.11.20-09.48.27:095][479]LogUObjectHash: Compacting FUObjectHashTables data took   0.93ms
[2020.11.20-09.48.27:128][480]LogPlayLevel: Display: Destroying online subsystem :Context_1
[2020.11.20-09.48.31:333][781]LogAssetEditorSubsystem: Opening Asset editor for World /Game/Project_Game/Maps/UI/Main.Main
[2020.11.20-09.48.31:378][781]LogUObjectHash: Compacting FUObjectHashTables data took   0.78ms
[2020.11.20-09.48.31:395][781]Cmd: MAP LOAD FILE="../../../../../Users/User/Documents/GitHub/GameDesign2020/Catch_Down_Coffin/Content/Project_Game/Maps/UI/Main.umap" TEMPLATE=0 SHOWPROGRESS=1 FEATURELEVEL=3
[2020.11.20-09.48.31:395][781]LightingResults: New page: Lighting Build
[2020.11.20-09.48.31:429][781]LogContentBrowser: Native class hierarchy updated for 'StatsViewer' in 0.0004 seconds. Added 6 classes and 0 folders.
[2020.11.20-09.48.31:446][781]LoadErrors: New page: Loading map: Main.umap
[2020.11.20-09.48.31:474][781]LogWorld: UWorld::CleanupWorld for Untitled, bSessionEnded=true, bCleanupResources=true
[2020.11.20-09.48.31:474][781]LogSlate: InvalidateAllWidgets triggered.  All widgets were invalidated
[2020.11.20-09.48.31:474][781]MapCheck: New page: Map Check
[2020.11.20-09.48.31:475][781]LightingResults: New page: Lighting Build
[2020.11.20-09.48.31:498][781]LogAISub: UAISubsystem::~UAISubsystem EnvQueryManager (0000018625493C00), frame # 2781
[2020.11.20-09.48.31:498][781]LogAISub: UAISubsystem::~UAISubsystem AIPerceptionSystem (00000186254DDA80), frame # 2781
[2020.11.20-09.48.31:498][781]LogUObjectHash: Compacting FUObjectHashTables data took   0.66ms
[2020.11.20-09.48.31:973][781]LogEditorServer: Finished looking for orphan Actors (0.000 secs)
[2020.11.20-09.48.31:973][781]LogAIModule: Creating AISystem for world Main
[2020.11.20-09.48.31:973][781]LogAISub: UAISubsystem::UAISubsystem EnvQueryManager (000001863F921000), frame # 2781
[2020.11.20-09.48.31:982][781]LogAISub: UAISubsystem::UAISubsystem AIPerceptionSystem (000001864D766840), frame # 2781
[2020.11.20-09.48.32:018][781]LogUObjectHash: Compacting FUObjectHashTables data took   0.61ms
[2020.11.20-09.48.32:072][781]Cmd: MAP CHECKDEP NOCLEARLOG
[2020.11.20-09.48.32:072][781]MapCheck: Map check complete: 0 Error(s), 0 Warning(s), took 0.143ms to complete.
[2020.11.20-09.48.32:072][781]LogFileHelpers: Loading map 'Main' took 0.690
[2020.11.20-09.48.33:553][866]LogTemp: Repeating last play command: New Editor Window (PIE)
[2020.11.20-09.48.33:575][866]LogPlayLevel: PlayLevel: No blueprints needed recompiling
[2020.11.20-09.48.33:575][866]PIE: New page: PIE session: Main (Nov 20, 2020, 11:48:33 PM)
[2020.11.20-09.48.33:576][866]LogPlayLevel: Creating play world package: /Game/Project_Game/Maps/UI/UEDPIE_0_Main
[2020.11.20-09.48.33:642][866]LogPlayLevel: PIE: StaticDuplicateObject took: (0.065944s)
[2020.11.20-09.48.33:643][866]LogAIModule: Creating AISystem for world Main
[2020.11.20-09.48.33:643][866]LogAISub: UAISubsystem::UAISubsystem EnvQueryManager (000001863908BC00), frame # 2866
[2020.11.20-09.48.33:643][866]LogAISub: UAISubsystem::UAISubsystem AIPerceptionSystem (000001864D6ACE00), frame # 2866
[2020.11.20-09.48.33:643][866]LogPlayLevel: PIE: World Init took: (0.001237s)
[2020.11.20-09.48.33:643][866]LogPlayLevel: PIE: Created PIE world by copying editor world from /Game/Project_Game/Maps/UI/Main.Main to /Game/Project_Game/Maps/UI/UEDPIE_0_Main.Main (0.067324s)
[2020.11.20-09.48.33:653][866]LogUObjectHash: Compacting FUObjectHashTables data took   0.72ms
[2020.11.20-09.48.33:654][866]LogAudioMixer: Display: Audio Mixer Platform Settings:
[2020.11.20-09.48.33:655][866]LogAudioMixer: Display: 	Sample Rate:						  48000
[2020.11.20-09.48.33:655][866]LogAudioMixer: Display: 	Callback Buffer Frame Size Requested: 1024
[2020.11.20-09.48.33:655][866]LogAudioMixer: Display: 	Callback Buffer Frame Size To Use:	  1024
[2020.11.20-09.48.33:655][866]LogAudioMixer: Display: 	Number of buffers to queue:			  2
[2020.11.20-09.48.33:655][866]LogAudioMixer: Display: 	Max Channels (voices):				  32
[2020.11.20-09.48.33:655][866]LogAudioMixer: Display: 	Number of Async Source Workers:		  0
[2020.11.20-09.48.33:655][866]LogAudio: Display: AudioDevice MaxSources: 32
[2020.11.20-09.48.33:655][866]LogAudio: Display: Using built-in audio occlusion.
[2020.11.20-09.48.33:655][866]LogAudioMixer: Display: Initializing audio mixer.
[2020.11.20-09.48.33:658][866]LogAudioMixer: Display: 0: FrontLeft
[2020.11.20-09.48.33:658][866]LogAudioMixer: Display: 1: FrontRight
[2020.11.20-09.48.33:683][866]LogAudioMixer: Display: Using Audio Device Speakers (Realtek High Definition Audio)
[2020.11.20-09.48.33:683][866]LogAudioMixer: Display: Initializing Sound Submixes...
[2020.11.20-09.48.33:683][866]LogAudioMixer: Display: Creating Master Submix 'MasterSubmixDefault'
[2020.11.20-09.48.33:683][866]LogAudioMixer: Display: Creating Master Submix 'MasterReverbSubmixDefault'
[2020.11.20-09.48.33:683][866]LogAudioMixer: Display: Creating Master Submix 'MasterEQSubmixDefault'
[2020.11.20-09.48.33:700][866]LogInit: FAudioDevice initialized.
[2020.11.20-09.48.33:741][866]LogSlate: Updating window title bar state: overlay mode, drag disabled, window buttons hidden, title bar hidden
[2020.11.20-09.48.33:741][866]LogLoad: Game class is 'ThirdPersonGameMode_C'
[2020.11.20-09.48.33:742][866]LogWorld: Bringing World /Game/Project_Game/Maps/UI/UEDPIE_0_Main.Main up for play (max tick rate 0) at 2020.11.20-16.48.33
[2020.11.20-09.48.33:743][866]LogWorld: Bringing up level for play took: 0.000382
[2020.11.20-09.48.33:743][866]LogOnline: OSS: Creating online subsystem instance for: :Context_2
[2020.11.20-09.48.33:891][866]PIE: Server logged in
[2020.11.20-09.48.33:892][866]PIE: Play in editor total start time 0.317 seconds.
[2020.11.20-09.48.35:499][ 22]LogRenderer: Reallocating scene render targets to support 1920x1016 Format 10 NumSamples 1 (Frame:157).
[2020.11.20-09.48.36:771][132]LogSlate: Window 'Catch_Down_Coffin Preview [NetMode: Standalone] (64-bit/Windows) ' being destroyed
[2020.11.20-09.48.36:786][132]LogWorld: BeginTearingDown for /Game/Project_Game/Maps/UI/UEDPIE_0_Main
[2020.11.20-09.48.36:787][132]LogWorld: UWorld::CleanupWorld for Main, bSessionEnded=true, bCleanupResources=true
[2020.11.20-09.48.36:787][132]LogSlate: InvalidateAllWidgets triggered.  All widgets were invalidated
[2020.11.20-09.48.36:796][132]LogPlayLevel: Display: Shutting down PIE online subsystems
[2020.11.20-09.48.36:798][132]LogSlate: InvalidateAllWidgets triggered.  All widgets were invalidated
[2020.11.20-09.48.36:902][132]LogAISub: UAISubsystem::~UAISubsystem AIPerceptionSystem (000001864D6ACE00), frame # 3132
[2020.11.20-09.48.36:902][132]LogAISub: UAISubsystem::~UAISubsystem EnvQueryManager (000001863908BC00), frame # 3132
[2020.11.20-09.48.36:903][132]LogUObjectHash: Compacting FUObjectHashTables data took   0.74ms
[2020.11.20-09.48.36:941][133]LogPlayLevel: Display: Destroying online subsystem :Context_2
[2020.11.20-09.49.00:448][445]LogAssetEditorSubsystem: Opening Asset editor for World /Game/Project_Game/Maps/UI/Game.Game
[2020.11.20-09.49.00:926][445]LogUObjectHash: Compacting FUObjectHashTables data took   1.07ms
[2020.11.20-09.49.00:928][445]Cmd: MAP LOAD FILE="../../../../../Users/User/Documents/GitHub/GameDesign2020/Catch_Down_Coffin/Content/Project_Game/Maps/UI/Game.umap" TEMPLATE=0 SHOWPROGRESS=1 FEATURELEVEL=3
[2020.11.20-09.49.00:929][445]LightingResults: New page: Lighting Build
[2020.11.20-09.49.00:929][445]LoadErrors: New page: Loading map: Game.umap
[2020.11.20-09.49.01:132][445]LogWorld: UWorld::CleanupWorld for Main, bSessionEnded=true, bCleanupResources=true
[2020.11.20-09.49.01:403][445]LogSlate: InvalidateAllWidgets triggered.  All widgets were invalidated
[2020.11.20-09.49.01:403][445]MapCheck: New page: Map Check
[2020.11.20-09.49.01:403][445]LightingResults: New page: Lighting Build
[2020.11.20-09.49.01:479][445]LogAISub: UAISubsystem::~UAISubsystem AIPerceptionSystem (000001864D766840), frame # 3445
[2020.11.20-09.49.01:479][445]LogAISub: UAISubsystem::~UAISubsystem EnvQueryManager (000001863F921000), frame # 3445
[2020.11.20-09.49.01:480][445]LogUObjectHash: Compacting FUObjectHashTables data took   0.95ms
[2020.11.20-09.49.02:997][445]LogEditorServer: Finished looking for orphan Actors (0.000 secs)
[2020.11.20-09.49.02:997][445]LogAIModule: Creating AISystem for world Game
[2020.11.20-09.49.02:997][445]LogAISub: UAISubsystem::UAISubsystem EnvQueryManager (000001863FC55200), frame # 3445
[2020.11.20-09.49.02:997][445]LogAISub: UAISubsystem::UAISubsystem AIPerceptionSystem (000001863F24E200), frame # 3445
[2020.11.20-09.49.03:162][445]LogUObjectHash: Compacting FUObjectHashTables data took   0.77ms
[2020.11.20-09.49.03:204][445]Cmd: MAP CHECKDEP NOCLEARLOG
[2020.11.20-09.49.03:206][445]MapCheck: Map check complete: 0 Error(s), 0 Warning(s), took 1.061ms to complete.
[2020.11.20-09.49.03:206][445]LogFileHelpers: Loading map 'Game' took 2.277
[2020.11.20-09.49.12:244][ 11]LogTemp: Repeating last play command: New Editor Window (PIE)
[2020.11.20-09.49.12:267][ 11]LogPlayLevel: PlayLevel: No blueprints needed recompiling
[2020.11.20-09.49.12:267][ 11]PIE: New page: PIE session: Game (Nov 20, 2020, 11:49:12 PM)
[2020.11.20-09.49.12:267][ 11]LogPlayLevel: Creating play world package: /Game/Project_Game/Maps/UI/UEDPIE_0_Game
[2020.11.20-09.49.12:357][ 11]LogPlayLevel: PIE: StaticDuplicateObject took: (0.089825s)
[2020.11.20-09.49.12:358][ 11]LogAIModule: Creating AISystem for world Game
[2020.11.20-09.49.12:358][ 11]LogAISub: UAISubsystem::UAISubsystem EnvQueryManager (000001863C2D6600), frame # 4011
[2020.11.20-09.49.12:359][ 11]LogAISub: UAISubsystem::UAISubsystem AIPerceptionSystem (0000018640CD9A80), frame # 4011
[2020.11.20-09.49.12:359][ 11]LogPlayLevel: PIE: World Init took: (0.001581s)
[2020.11.20-09.49.12:359][ 11]LogPlayLevel: PIE: Created PIE world by copying editor world from /Game/Project_Game/Maps/UI/Game.Game to /Game/Project_Game/Maps/UI/UEDPIE_0_Game.Game (0.091615s)
[2020.11.20-09.49.12:369][ 11]LogUObjectHash: Compacting FUObjectHashTables data took   0.67ms
[2020.11.20-09.49.12:371][ 11]LogAudioMixer: Display: Audio Mixer Platform Settings:
[2020.11.20-09.49.12:371][ 11]LogAudioMixer: Display: 	Sample Rate:						  48000
[2020.11.20-09.49.12:371][ 11]LogAudioMixer: Display: 	Callback Buffer Frame Size Requested: 1024
[2020.11.20-09.49.12:371][ 11]LogAudioMixer: Display: 	Callback Buffer Frame Size To Use:	  1024
[2020.11.20-09.49.12:371][ 11]LogAudioMixer: Display: 	Number of buffers to queue:			  2
[2020.11.20-09.49.12:371][ 11]LogAudioMixer: Display: 	Max Channels (voices):				  32
[2020.11.20-09.49.12:371][ 11]LogAudioMixer: Display: 	Number of Async Source Workers:		  0
[2020.11.20-09.49.12:371][ 11]LogAudio: Display: AudioDevice MaxSources: 32
[2020.11.20-09.49.12:372][ 11]LogAudio: Display: Using built-in audio occlusion.
[2020.11.20-09.49.12:372][ 11]LogAudioMixer: Display: Initializing audio mixer.
[2020.11.20-09.49.12:375][ 11]LogAudioMixer: Display: 0: FrontLeft
[2020.11.20-09.49.12:375][ 11]LogAudioMixer: Display: 1: FrontRight
[2020.11.20-09.49.12:399][ 11]LogAudioMixer: Display: Using Audio Device Speakers (Realtek High Definition Audio)
[2020.11.20-09.49.12:399][ 11]LogAudioMixer: Display: Initializing Sound Submixes...
[2020.11.20-09.49.12:399][ 11]LogAudioMixer: Display: Creating Master Submix 'MasterSubmixDefault'
[2020.11.20-09.49.12:400][ 11]LogAudioMixer: Display: Creating Master Submix 'MasterReverbSubmixDefault'
[2020.11.20-09.49.12:400][ 11]LogAudioMixer: Display: Creating Master Submix 'MasterEQSubmixDefault'
[2020.11.20-09.49.12:414][ 11]LogInit: FAudioDevice initialized.
[2020.11.20-09.49.12:455][ 11]LogSlate: Updating window title bar state: overlay mode, drag disabled, window buttons hidden, title bar hidden
[2020.11.20-09.49.12:455][ 11]LogLoad: Game class is 'Catch_Down_Coffin_Game_Mode_C'
[2020.11.20-09.49.12:505][ 11]LogWorld: Bringing World /Game/Project_Game/Maps/UI/UEDPIE_0_Game.Game up for play (max tick rate 0) at 2020.11.20-16.49.12
[2020.11.20-09.49.13:423][ 11]LogWorld: Bringing up level for play took: 0.967641
[2020.11.20-09.49.13:424][ 11]LogOnline: OSS: Creating online subsystem instance for: :Context_3
[2020.11.20-09.49.13:573][ 11]LogSpawn: Warning: SpawnActor failed because no class was specified
[2020.11.20-09.49.15:621][ 11]PIE: Server logged in
[2020.11.20-09.49.15:622][ 11]PIE: Play in editor total start time 3.355 seconds.
[2020.11.20-09.49.23:557][420]LogSlate: Updating window title bar state: overlay mode, drag disabled, window buttons hidden, title bar hidden
[2020.11.20-09.49.23:557][420]LogWorld: BeginTearingDown for /Game/Project_Game/Maps/UI/UEDPIE_0_Game
[2020.11.20-09.49.23:558][420]LogSlate: Window 'Catch_Down_Coffin Preview [NetMode: Standalone] (64-bit/Windows) ' being destroyed
[2020.11.20-09.49.23:697][420]LogWorld: UWorld::CleanupWorld for Game, bSessionEnded=true, bCleanupResources=true
[2020.11.20-09.49.24:014][420]LogSlate: InvalidateAllWidgets triggered.  All widgets were invalidated
[2020.11.20-09.49.24:200][420]LogPlayLevel: Display: Shutting down PIE online subsystems
[2020.11.20-09.49.24:202][420]LogSlate: InvalidateAllWidgets triggered.  All widgets were invalidated
[2020.11.20-09.49.25:293][420]LogAISub: UAISubsystem::~UAISubsystem AIPerceptionSystem (0000018640CD9A80), frame # 4420
[2020.11.20-09.49.25:293][420]LogAISub: UAISubsystem::~UAISubsystem EnvQueryManager (000001863C2D6600), frame # 4420
[2020.11.20-09.49.25:294][420]LogUObjectHash: Compacting FUObjectHashTables data took   0.82ms
[2020.11.20-09.49.25:334][421]LogPlayLevel: Display: Destroying online subsystem :Context_3
[2020.11.20-09.49.33:111][601]LogAssetEditorSubsystem: Opening Asset editor for Blueprint /Game/Project_Game/Blueprints/Player/ThirdPersonCharacter1.ThirdPersonCharacter1
[2020.11.20-09.49.57:174][601]LogContentBrowser: Native class hierarchy updated for 'BlueprintGraph' in 0.0013 seconds. Added 125 classes and 0 folders.
[2020.11.20-09.50.55:661][601]LogSlate: Took 0.127245 seconds to synchronously load lazily loaded font '../../../Engine/Content/Slate/Fonts/Roboto-BoldCondensed.ttf' (158K)
[2020.11.20-09.51.20:477][602]LogSlate: Took 0.273545 seconds to synchronously load lazily loaded font '../../../Engine/Content/Slate/Fonts/Roboto-Italic.ttf' (157K)
[2020.11.20-09.51.58:749][412]LogSavePackage: Moving '../../../../../Users/User/Documents/GitHub/GameDesign2020/Catch_Down_Coffin/Saved/ThirdPersonCharacter1948FB9B84BC69B3C5FA479AE61E4BBF3.tmp' to '../../../../../Users/User/Documents/GitHub/GameDesign2020/Catch_Down_Coffin/Content/Project_Game/Blueprints/Player/ThirdPersonCharacter1.uasset'
[2020.11.20-09.52.14:115][412]AssetCheck: New page: Asset Save: ThirdPersonCharacter1
[2020.11.20-09.52.14:115][412]LogContentValidation: Display: Validating Blueprint /Game/Project_Game/Blueprints/Player/ThirdPersonCharacter1.ThirdPersonCharacter1
[2020.11.20-09.52.25:831][985]BlueprintLog: New page: Compile ThirdPersonCharacter1
[2020.11.20-09.52.28:256][985]LogUObjectHash: Compacting FUObjectHashTables data took   2.73ms
[2020.11.20-09.52.34:409][985]LogSlate: Took 1.482052 seconds to synchronously load lazily loaded font '../../../Engine/Content/Slate/Fonts/DroidSansMono.ttf' (77K)
[2020.11.20-09.52.38:248][ 39]LogSavePackage: Moving '../../../../../Users/User/Documents/GitHub/GameDesign2020/Catch_Down_Coffin/Saved/ThirdPersonCharacter16DEDD07A4B1740848F7FF791B5EBFAA3.tmp' to '../../../../../Users/User/Documents/GitHub/GameDesign2020/Catch_Down_Coffin/Content/Project_Game/Blueprints/Player/ThirdPersonCharacter1.uasset'
[2020.11.20-09.52.38:282][ 39]AssetCheck: New page: Asset Save: ThirdPersonCharacter1
[2020.11.20-09.52.38:282][ 39]LogContentValidation: Display: Validating Blueprint /Game/Project_Game/Blueprints/Player/ThirdPersonCharacter1.ThirdPersonCharacter1
[2020.11.20-09.52.39:683][ 97]LogSlate: Window 'ThirdPersonCharacter1' being destroyed
[2020.11.20-09.52.39:687][ 97]LogSlate: Window 'ThirdPersonCharacter1' being destroyed
[2020.11.20-09.52.42:600][ 97]LogWorld: UWorld::CleanupWorld for World_4, bSessionEnded=true, bCleanupResources=true
[2020.11.20-09.52.42:600][ 97]LogSlate: InvalidateAllWidgets triggered.  All widgets were invalidated
