"../../../../../GitHub/GameDesign2020/Catch_Down_Coffin/Content/Mannequin/Character/Mesh/UE4_Mannequin_Skeleton.uasset" 0
"../../../../../GitHub/GameDesign2020/Catch_Down_Coffin/Content/Mannequin/Animations/ThirdPersonJump_End.uasset" 1
"../../../../../GitHub/GameDesign2020/Catch_Down_Coffin/Content/Mannequin/Animations/ThirdPerson_Jump.uasset" 2
"../../../../../GitHub/GameDesign2020/Catch_Down_Coffin/Content/Mannequin/Animations/ThirdPersonJump_Loop.uasset" 3
"../../../../../GitHub/GameDesign2020/Catch_Down_Coffin/Content/Mannequin/Animations/ThirdPersonJump_Start.uasset" 4
"../../../../../GitHub/GameDesign2020/Catch_Down_Coffin/Content/Mannequin/Animations/ThirdPersonIdle.uasset" 5
"../../../../../GitHub/GameDesign2020/Catch_Down_Coffin/Content/Mannequin/Animations/ThirdPersonRun.uasset" 6
"../../../../../GitHub/GameDesign2020/Catch_Down_Coffin/Content/Mannequin/Animations/ThirdPersonWalk.uasset" 7
"../../../../../GitHub/GameDesign2020/Catch_Down_Coffin/Content/Mannequin/Animations/ThirdPerson_IdleRun_2D.uasset" 8
"../../../Engine/Content/EditorBlueprintResources/StandardMacros.uasset" 9
"../../../../../GitHub/GameDesign2020/Catch_Down_Coffin/Content/Mannequin/Animations/ThirdPerson_AnimBP.uasset" 10
"../../../../../GitHub/GameDesign2020/Catch_Down_Coffin/Content/Project_Game/Blueprints/Item/trap/Tex_DungeonTrap.uasset" 11
"../../../../../GitHub/GameDesign2020/Catch_Down_Coffin/Content/Project_Game/Blueprints/Item/trap/Material__26.uasset" 12
"../../../../../GitHub/GameDesign2020/Catch_Down_Coffin/Content/Project_Game/Blueprints/Item/trap/uploads_files_635558_Trap_Needle_Needle.uasset" 13
"../../../../../GitHub/GameDesign2020/Catch_Down_Coffin/Content/Project_Game/Blueprints/Item/Rock_model/Rock-Texture-Surface.uasset" 14
"../../../../../GitHub/GameDesign2020/Catch_Down_Coffin/Content/Project_Game/Blueprints/Item/Rock_model/Material.uasset" 15
"../../../../../GitHub/GameDesign2020/Catch_Down_Coffin/Content/Project_Game/Blueprints/Item/trap/uploads_files_635558_Trap_Needle_Trap_Needle.uasset" 16
"../../../../../GitHub/GameDesign2020/Catch_Down_Coffin/Content/Project_Game/Blueprints/Item/Trap.uasset" 17
"../../../Engine/Content/Functions/Engine_MaterialFunctions02/Utility/BlendAngleCorrectedNormals.uasset" 18
"../../../Engine/Content/Functions/MaterialLayerFunctions/MatLayerBlend_NormalBlend.uasset" 19
"../../../Engine/Content/Functions/MaterialLayerFunctions/MatLayerBlend_Simple.uasset" 20
"../../../../../GitHub/GameDesign2020/Catch_Down_Coffin/Content/Mannequin/Character/Materials/MaterialLayers/T_ML_Rubber_Blue_01_D.uasset" 21
"../../../../../GitHub/GameDesign2020/Catch_Down_Coffin/Content/Mannequin/Character/Materials/MaterialLayers/T_ML_Rubber_Blue_01_N.uasset" 22
"../../../../../GitHub/GameDesign2020/Catch_Down_Coffin/Content/Mannequin/Character/Materials/MaterialLayers/ML_GlossyBlack_Latex_UE4.uasset" 23
"../../../../../GitHub/GameDesign2020/Catch_Down_Coffin/Content/Mannequin/Character/Materials/MaterialLayers/ML_Plastic_Shiny_Beige.uasset" 24
"../../../../../GitHub/GameDesign2020/Catch_Down_Coffin/Content/Mannequin/Character/Textures/UE4_LOGO_CARD.uasset" 25
"../../../../../GitHub/GameDesign2020/Catch_Down_Coffin/Content/Mannequin/Character/Materials/MaterialLayers/ML_Plastic_Shiny_Beige_LOGO.uasset" 26
"../../../../../GitHub/GameDesign2020/Catch_Down_Coffin/Content/Mannequin/Character/Materials/MaterialLayers/T_ML_Aluminum01.uasset" 27
"../../../../../GitHub/GameDesign2020/Catch_Down_Coffin/Content/Mannequin/Character/Materials/MaterialLayers/T_ML_Aluminum01_N.uasset" 28
"../../../../../GitHub/GameDesign2020/Catch_Down_Coffin/Content/Mannequin/Character/Materials/MaterialLayers/ML_SoftMetal_UE4.uasset" 29
"../../../../../GitHub/GameDesign2020/Catch_Down_Coffin/Content/Mannequin/Character/Textures/UE4_Mannequin__normals.uasset" 30
"../../../../../GitHub/GameDesign2020/Catch_Down_Coffin/Content/Mannequin/Character/Textures/UE4_Mannequin_MAT_MASKA.uasset" 31
"../../../../../GitHub/GameDesign2020/Catch_Down_Coffin/Content/Mannequin/Character/Materials/M_UE4Man_Body.uasset" 32
"../../../../../GitHub/GameDesign2020/Catch_Down_Coffin/Content/Mannequin/Character/Textures/UE4Man_Logo_N.uasset" 33
"../../../../../GitHub/GameDesign2020/Catch_Down_Coffin/Content/Mannequin/Character/Materials/M_UE4Man_ChestLogo.uasset" 34
"../../../../../GitHub/GameDesign2020/Catch_Down_Coffin/Content/Mannequin/Character/Mesh/SK_Mannequin_PhysicsAsset.uasset" 35
"../../../../../GitHub/GameDesign2020/Catch_Down_Coffin/Content/Mannequin/Character/Mesh/SK_Mannequin.uasset" 36
"../../../../../GitHub/GameDesign2020/Catch_Down_Coffin/Content/Project_Game/Blueprints/Player/ThirdPersonCharacter2.uasset" 37
"../../../../../GitHub/GameDesign2020/Catch_Down_Coffin/Content/StarterContent/Textures/T_Door_M.uasset" 38
"../../../../../GitHub/GameDesign2020/Catch_Down_Coffin/Content/StarterContent/Textures/T_Door_N.uasset" 39
"../../../../../GitHub/GameDesign2020/Catch_Down_Coffin/Content/StarterContent/Props/Materials/M_Door.uasset" 40
"../../../Engine/Content/Functions/Engine_MaterialFunctions01/Opacity/CameraDepthFade.uasset" 41
"../../../Engine/Content/EngineMaterials/T_Default_Material_Grid_M.uasset" 42
"../../../Engine/Content/EngineMaterials/T_Default_Material_Grid_N.uasset" 43
"../../../Engine/Content/EngineMaterials/WorldGridMaterial.uasset" 44
"../../../Engine/Content/BasicShapes/Cube.uasset" 45
"../../../../../GitHub/GameDesign2020/Catch_Down_Coffin/Content/Project_Game/Blueprints/Item/Item_Box1.uasset" 46
"../../../../../GitHub/GameDesign2020/Catch_Down_Coffin/Content/Project_Game/Blueprints/Item/poison/potion.uasset" 47
"../../../../../GitHub/GameDesign2020/Catch_Down_Coffin/Content/Project_Game/Blueprints/Item/poison/potionNM.uasset" 48
"../../../../../GitHub/GameDesign2020/Catch_Down_Coffin/Content/Project_Game/Blueprints/Item/poison/potionSP.uasset" 49
"../../../../../GitHub/GameDesign2020/Catch_Down_Coffin/Content/Project_Game/Blueprints/Item/poison/01_-_Default.uasset" 50
"../../../../../GitHub/GameDesign2020/Catch_Down_Coffin/Content/Project_Game/Blueprints/Item/poison/uploads_files_2012756_Poison+bottle_potion.uasset" 51
"../../../../../GitHub/GameDesign2020/Catch_Down_Coffin/Content/Project_Game/Blueprints/Item/Rock_model/Material_001.uasset" 52
"../../../../../GitHub/GameDesign2020/Catch_Down_Coffin/Content/Project_Game/Blueprints/Item/Rock_model/Rock1.uasset" 53
"../../../../../GitHub/GameDesign2020/Catch_Down_Coffin/Content/Project_Game/Blueprints/Item/Rocket_model/1001_Base_Color.uasset" 54
"../../../../../GitHub/GameDesign2020/Catch_Down_Coffin/Content/Project_Game/Blueprints/Item/Rocket_model/defaultMat.uasset" 55
"../../../../../GitHub/GameDesign2020/Catch_Down_Coffin/Content/Project_Game/Blueprints/Item/Rocket_model/uploads_files_1914765_Rocket.uasset" 56
"../../../../../GitHub/GameDesign2020/Catch_Down_Coffin/Content/StarterContent/Textures/T_Chair_M.uasset" 57
"../../../../../GitHub/GameDesign2020/Catch_Down_Coffin/Content/StarterContent/Textures/T_Chair_N.uasset" 58
"../../../../../GitHub/GameDesign2020/Catch_Down_Coffin/Content/StarterContent/Props/Materials/M_Chair.uasset" 59
"../../../../../GitHub/GameDesign2020/Catch_Down_Coffin/Content/StarterContent/Props/SM_Chair.uasset" 60
"../../../../../GitHub/GameDesign2020/Catch_Down_Coffin/Content/StarterContent/Props/SM_Couch.uasset" 61
"../../../../../GitHub/GameDesign2020/Catch_Down_Coffin/Content/Project_Game/Blueprints/System/Catch_Down_Coffin_Game_Mode.uasset" 62
"../../../../../GitHub/GameDesign2020/Catch_Down_Coffin/Content/Project_Game/Blueprints/Item/Rocket.uasset" 63
"../../../../../GitHub/GameDesign2020/Catch_Down_Coffin/Content/Project_Game/Blueprints/Item/Stone.uasset" 64
"../../../../../GitHub/GameDesign2020/Catch_Down_Coffin/Content/Project_Game/Blueprints/System/P_1Call_P2_Interface.uasset" 65
"../../../../../GitHub/GameDesign2020/Catch_Down_Coffin/Content/StarterContent/Textures/T_MacroVariation.uasset" 66
"../../../../../GitHub/GameDesign2020/Catch_Down_Coffin/Content/StarterContent/Textures/T_Tech_Hex_Tile_M.uasset" 67
"../../../../../GitHub/GameDesign2020/Catch_Down_Coffin/Content/StarterContent/Textures/T_Tech_Hex_Tile_N.uasset" 68
"../../../../../GitHub/GameDesign2020/Catch_Down_Coffin/Content/StarterContent/Materials/M_Tech_Hex_Tile_Pulse.uasset" 69
"../../../../../GitHub/GameDesign2020/Catch_Down_Coffin/Content/Project_Game/Blueprints/Player/ThirdPersonCharacter3.uasset" 70
"../../../../../GitHub/GameDesign2020/Catch_Down_Coffin/Content/Project_Game/Blueprints/Item/Poison.uasset" 71
"../../../../../GitHub/GameDesign2020/Catch_Down_Coffin/Content/StarterContent/Textures/T_Metal_Gold_D.uasset" 72
"../../../../../GitHub/GameDesign2020/Catch_Down_Coffin/Content/StarterContent/Textures/T_Metal_Gold_N.uasset" 73
"../../../../../GitHub/GameDesign2020/Catch_Down_Coffin/Content/StarterContent/Materials/M_Metal_Gold.uasset" 74
"../../../../../GitHub/GameDesign2020/Catch_Down_Coffin/Content/Project_Game/Blueprints/u/btt.uasset" 75
"../../../../../GitHub/GameDesign2020/Catch_Down_Coffin/Content/Project_Game/Blueprints/u/player1.uasset" 76
"../../../../../GitHub/GameDesign2020/Catch_Down_Coffin/Content/Project_Game/Blueprints/u/player2.uasset" 77
"../../../../../GitHub/GameDesign2020/Catch_Down_Coffin/Content/Project_Game/Blueprints/u/up.uasset" 78
"../../../../../GitHub/GameDesign2020/Catch_Down_Coffin/Content/Project_Game/Blueprints/UI_Widget/Game.uasset" 79
"../../../../../GitHub/GameDesign2020/Catch_Down_Coffin/Content/Project_Game/Blueprints/Player/ThirdPersonCharacter1.uasset" 80
"../../../../../GitHub/GameDesign2020/Catch_Down_Coffin/Content/Project_Game/Blueprints/Obstruction/cactus2/10436_Cactus_v1_Diffuse.uasset" 81
"../../../../../GitHub/GameDesign2020/Catch_Down_Coffin/Content/Project_Game/Blueprints/Obstruction/cactus2/10436_Cactus_v1.uasset" 82
"../../../../../GitHub/GameDesign2020/Catch_Down_Coffin/Content/Project_Game/Blueprints/Obstruction/cactus2/10436_Cactus_v1_max2010_it2.uasset" 83
"../../../../../GitHub/GameDesign2020/Catch_Down_Coffin/Content/Project_Game/Blueprints/Obstruction/Cactus.uasset" 84
"../../../../../GitHub/GameDesign2020/Catch_Down_Coffin/Content/Project_Game/Blueprints/Cactus.uasset" 85
"../../../../../GitHub/GameDesign2020/Catch_Down_Coffin/Content/Project_Game/Blueprints/ThirdPersonCharacter3.uasset" 86
"../../../../../GitHub/GameDesign2020/Catch_Down_Coffin/Content/Project_Game/Blueprints/Item/poison/uploads_files_2012756_Poison+bottle_Handel.uasset" 87
"../../../../../GitHub/GameDesign2020/Catch_Down_Coffin/Content/StarterContent/Textures/T_Bush_D.uasset" 88
"../../../../../GitHub/GameDesign2020/Catch_Down_Coffin/Content/StarterContent/Textures/T_Bush_N.uasset" 89
"../../../../../GitHub/GameDesign2020/Catch_Down_Coffin/Content/StarterContent/Props/Materials/M_Bush.uasset" 90
"../../../../../GitHub/GameDesign2020/Catch_Down_Coffin/Content/StarterContent/Props/SM_Bush.uasset" 91
"../../../../../GitHub/GameDesign2020/Catch_Down_Coffin/Content/StarterContent/Textures/T_Frame_M.uasset" 92
"../../../../../GitHub/GameDesign2020/Catch_Down_Coffin/Content/StarterContent/Textures/T_Frame_N.uasset" 93
"../../../../../GitHub/GameDesign2020/Catch_Down_Coffin/Content/StarterContent/Props/Materials/M_Frame.uasset" 94
"../../../../../GitHub/GameDesign2020/Catch_Down_Coffin/Content/StarterContent/Props/SM_CornerFrame.uasset" 95
"../../../../../GitHub/GameDesign2020/Catch_Down_Coffin/Content/StarterContent/Textures/T_Lamp_M.uasset" 96
"../../../../../GitHub/GameDesign2020/Catch_Down_Coffin/Content/StarterContent/Textures/T_Lamp_N.uasset" 97
"../../../../../GitHub/GameDesign2020/Catch_Down_Coffin/Content/StarterContent/Props/Materials/M_Lamp.uasset" 98
"../../../../../GitHub/GameDesign2020/Catch_Down_Coffin/Content/StarterContent/Props/SM_Lamp_Wall.uasset" 99
"../../../../../GitHub/GameDesign2020/Catch_Down_Coffin/Content/StarterContent/Textures/T_Shelf_M.uasset" 100
"../../../../../GitHub/GameDesign2020/Catch_Down_Coffin/Content/StarterContent/Textures/T_Shelf_N.uasset" 101
"../../../../../GitHub/GameDesign2020/Catch_Down_Coffin/Content/StarterContent/Props/Materials/M_Shelf.uasset" 102
"../../../../../GitHub/GameDesign2020/Catch_Down_Coffin/Content/StarterContent/Props/SM_Shelf.uasset" 103
"../../../../../GitHub/GameDesign2020/Catch_Down_Coffin/Content/Project_Game/Blueprints/Player/Palyer.uasset" 104
"../../../../../GitHub/GameDesign2020/Catch_Down_Coffin/Content/Project_Game/Blueprints/u/bt_enter.uasset" 105
"../../../../../GitHub/GameDesign2020/Catch_Down_Coffin/Content/Project_Game/Blueprints/u/bt_sp.uasset" 106
"../../../../../GitHub/GameDesign2020/Catch_Down_Coffin/Content/Project_Game/Blueprints/u/circle.uasset" 107
"../../../../../GitHub/GameDesign2020/Catch_Down_Coffin/Content/Project_Game/Blueprints/u/name.uasset" 108
"../../../../../GitHub/GameDesign2020/Catch_Down_Coffin/Content/Project_Game/Blueprints/u/name2.uasset" 109
"../../../../../GitHub/GameDesign2020/Catch_Down_Coffin/Content/Project_Game/Blueprints/u/up2.uasset" 110
"../../../../../GitHub/GameDesign2020/Catch_Down_Coffin/Content/Project_Game/Blueprints/u/HighresScreenshot00001.uasset" 111
"../../../../../GitHub/GameDesign2020/Catch_Down_Coffin/Content/Project_Game/Blueprints/u/mummy.uasset" 112
"../../../../../GitHub/GameDesign2020/Catch_Down_Coffin/Content/Project_Game/Blueprints/u/mummy_win.uasset" 113
"../../../../../GitHub/GameDesign2020/Catch_Down_Coffin/Content/Project_Game/Blueprints/UI_Widget/Mummy_Win.uasset" 114
"../../../../../GitHub/GameDesign2020/Catch_Down_Coffin/Content/Project_Game/Blueprints/UI_Widget/Win.uasset" 115
"../../../../../GitHub/GameDesign2020/Catch_Down_Coffin/Content/StarterContent/Materials/M_Basic_Wall.uasset" 116
"../../../../../GitHub/GameDesign2020/Catch_Down_Coffin/Content/StarterContent/Architecture/Pillar_50x500.uasset" 117
"../../../../../GitHub/GameDesign2020/Catch_Down_Coffin/Content/StarterContent/Architecture/Wall_400x300.uasset" 118
"../../../../../GitHub/GameDesign2020/Catch_Down_Coffin/Content/StarterContent/Architecture/Wall_400x400.uasset" 119
"../../../../../GitHub/GameDesign2020/Catch_Down_Coffin/Content/StarterContent/Architecture/Wall_500x500.uasset" 120
"../../../../../GitHub/GameDesign2020/Catch_Down_Coffin/Content/StarterContent/Architecture/Wall_Door_400x400.uasset" 121
"../../../../../GitHub/GameDesign2020/Catch_Down_Coffin/Content/StarterContent/Architecture/Wall_Window_400x400.uasset" 122
"../../../../../GitHub/GameDesign2020/Catch_Down_Coffin/Content/StarterContent/Audio/Collapse01.uasset" 123
"../../../../../GitHub/GameDesign2020/Catch_Down_Coffin/Content/StarterContent/Audio/Collapse02.uasset" 124
"../../../../../GitHub/GameDesign2020/Catch_Down_Coffin/Content/StarterContent/Audio/Explosion01.uasset" 125
"../../../../../GitHub/GameDesign2020/Catch_Down_Coffin/Content/StarterContent/Audio/Explosion02.uasset" 126
"../../../../../GitHub/GameDesign2020/Catch_Down_Coffin/Content/StarterContent/Audio/Fire01.uasset" 127
"../../../../../GitHub/GameDesign2020/Catch_Down_Coffin/Content/StarterContent/Audio/Fire_Sparks01.uasset" 128
"../../../../../GitHub/GameDesign2020/Catch_Down_Coffin/Content/StarterContent/Audio/Light01.uasset" 129
"../../../../../GitHub/GameDesign2020/Catch_Down_Coffin/Content/StarterContent/Audio/Light01_Cue.uasset" 130
"../../../../../GitHub/GameDesign2020/Catch_Down_Coffin/Content/StarterContent/Audio/Light02.uasset" 131
"../../../../../GitHub/GameDesign2020/Catch_Down_Coffin/Content/StarterContent/Audio/Light02_Cue.uasset" 132
"../../../../../GitHub/GameDesign2020/Catch_Down_Coffin/Content/StarterContent/Audio/Smoke01.uasset" 133
"../../../../../GitHub/GameDesign2020/Catch_Down_Coffin/Content/StarterContent/Audio/Starter_Birds01.uasset" 134
"../../../../../GitHub/GameDesign2020/Catch_Down_Coffin/Content/StarterContent/Audio/Starter_Music01.uasset" 135
"../../../../../GitHub/GameDesign2020/Catch_Down_Coffin/Content/StarterContent/Audio/Starter_Wind05.uasset" 136
"../../../../../GitHub/GameDesign2020/Catch_Down_Coffin/Content/StarterContent/Audio/Starter_Wind06.uasset" 137
"../../../../../GitHub/GameDesign2020/Catch_Down_Coffin/Content/StarterContent/Audio/Steam01.uasset" 138
"../../../../../GitHub/GameDesign2020/Catch_Down_Coffin/Content/StarterContent/Audio/Explosion_Cue.uasset" 139
"../../../../../GitHub/GameDesign2020/Catch_Down_Coffin/Content/StarterContent/Textures/T_Burst_M.uasset" 140
"../../../../../GitHub/GameDesign2020/Catch_Down_Coffin/Content/StarterContent/Particles/Materials/M_Burst.uasset" 141
"../../../../../GitHub/GameDesign2020/Catch_Down_Coffin/Content/StarterContent/Textures/T_Explosion_SubUV.uasset" 142
"../../../../../GitHub/GameDesign2020/Catch_Down_Coffin/Content/StarterContent/Particles/Materials/M_explosion_subUV.uasset" 143
"../../../../../GitHub/GameDesign2020/Catch_Down_Coffin/Content/StarterContent/Particles/Materials/m_flare_01.uasset" 144
"../../../Engine/Content/Functions/Engine_MaterialFunctions01/Gradient/RadialGradient.uasset" 145
"../../../../../GitHub/GameDesign2020/Catch_Down_Coffin/Content/StarterContent/Particles/Materials/M_radial_ramp.uasset" 146
"../../../../../GitHub/GameDesign2020/Catch_Down_Coffin/Content/StarterContent/Textures/T_Smoke_SubUV.uasset" 147
"../../../../../GitHub/GameDesign2020/Catch_Down_Coffin/Content/StarterContent/Textures/T_Smoke_Tiled_D.uasset" 148
"../../../../../GitHub/GameDesign2020/Catch_Down_Coffin/Content/StarterContent/Particles/Materials/M_smoke_subUV.uasset" 149
"../../../../../GitHub/GameDesign2020/Catch_Down_Coffin/Content/StarterContent/Particles/P_Explosion.uasset" 150
"../../../../../GitHub/GameDesign2020/Catch_Down_Coffin/Content/StarterContent/Blueprints/Blueprint_Effect_Explosion.uasset" 151
"../../../Engine/Content/EditorMeshes/ColorCalibrator/T_ColorGrid.uasset" 152
"../../../../../GitHub/GameDesign2020/Catch_Down_Coffin/Content/StarterContent/Materials/M_ColorGrid_LowSpec.uasset" 153
"../../../../../GitHub/GameDesign2020/Catch_Down_Coffin/Content/StarterContent/Materials/M_Glass.uasset" 154
"../../../../../GitHub/GameDesign2020/Catch_Down_Coffin/Content/StarterContent/Props/SM_Door.uasset" 155
"../../../../../GitHub/GameDesign2020/Catch_Down_Coffin/Content/StarterContent/Props/Materials/M_MaterialSphere.uasset" 156
"../../../../../GitHub/GameDesign2020/Catch_Down_Coffin/Content/StarterContent/Props/Materials/M_MaterialSphere_Plain.uasset" 157
"../../../../../GitHub/GameDesign2020/Catch_Down_Coffin/Content/StarterContent/Props/SM_MatPreviewMesh_02.uasset" 158
"../../../../../GitHub/GameDesign2020/Catch_Down_Coffin/Content/StarterContent/Textures/T_Detail_Rocky_N.uasset" 159
"../../../../../GitHub/GameDesign2020/Catch_Down_Coffin/Content/StarterContent/Textures/T_Rock_Basalt_D.uasset" 160
"../../../../../GitHub/GameDesign2020/Catch_Down_Coffin/Content/StarterContent/Textures/T_RockMesh_M.uasset" 161
"../../../../../GitHub/GameDesign2020/Catch_Down_Coffin/Content/StarterContent/Textures/T_RockMesh_N.uasset" 162
"../../../../../GitHub/GameDesign2020/Catch_Down_Coffin/Content/StarterContent/Props/Materials/M_Rock.uasset" 163
"../../../../../GitHub/GameDesign2020/Catch_Down_Coffin/Content/StarterContent/Props/SM_Rock.uasset" 164
"../../../../../GitHub/GameDesign2020/Catch_Down_Coffin/Content/StarterContent/Materials/M_Basic_Floor.uasset" 165
"../../../../../GitHub/GameDesign2020/Catch_Down_Coffin/Content/StarterContent/Props/SM_Stairs.uasset" 166
"../../../../../GitHub/GameDesign2020/Catch_Down_Coffin/Content/StarterContent/Shapes/Shape_Cone.uasset" 167
"../../../../../GitHub/GameDesign2020/Catch_Down_Coffin/Content/StarterContent/Shapes/Shape_Cylinder.uasset" 168
"../../../../../GitHub/GameDesign2020/Catch_Down_Coffin/Content/StarterContent/Shapes/Shape_NarrowCapsule.uasset" 169
"../../../../../GitHub/GameDesign2020/Catch_Down_Coffin/Content/StarterContent/Shapes/Shape_Pipe.uasset" 170
"../../../../../GitHub/GameDesign2020/Catch_Down_Coffin/Content/StarterContent/Shapes/Shape_Pipe_180.uasset" 171
"../../../../../GitHub/GameDesign2020/Catch_Down_Coffin/Content/StarterContent/Shapes/Shape_Pipe_90.uasset" 172
"../../../../../GitHub/GameDesign2020/Catch_Down_Coffin/Content/StarterContent/Shapes/Shape_Plane.uasset" 173
"../../../../../GitHub/GameDesign2020/Catch_Down_Coffin/Content/StarterContent/Shapes/Shape_Torus.uasset" 174
"../../../../../GitHub/GameDesign2020/Catch_Down_Coffin/Content/StarterContent/Shapes/Shape_Trim.uasset" 175
"../../../../../GitHub/GameDesign2020/Catch_Down_Coffin/Content/StarterContent/Shapes/Shape_Trim_90_In.uasset" 176
"../../../../../GitHub/GameDesign2020/Catch_Down_Coffin/Content/StarterContent/Shapes/Shape_Trim_90_Out.uasset" 177
"../../../../../GitHub/GameDesign2020/Catch_Down_Coffin/Content/StarterContent/Shapes/Shape_TriPyramid.uasset" 178
"../../../../../GitHub/GameDesign2020/Catch_Down_Coffin/Content/StarterContent/Shapes/Shape_Tube.uasset" 179
"../../../../../GitHub/GameDesign2020/Catch_Down_Coffin/Content/StarterContent/Shapes/Shape_Wedge_A.uasset" 180
"../../../../../GitHub/GameDesign2020/Catch_Down_Coffin/Content/StarterContent/Shapes/Shape_Wedge_B.uasset" 181
"../../../../../GitHub/GameDesign2020/Catch_Down_Coffin/Content/StarterContent/Shapes/Shape_WideCapsule.uasset" 182
"../../../../../GitHub/GameDesign2020/Catch_Down_Coffin/Content/ThirdPersonBP/ThirdPersonOverview.uasset" 183
"../../../../../GitHub/GameDesign2020/Catch_Down_Coffin/Content/Project_Game/Blueprints/Item_Box1.uasset" 184
"../../../../../GitHub/GameDesign2020/Catch_Down_Coffin/Content/ThirdPersonBP/Blueprints/Item_Box1.uasset" 185
"../../../../../GitHub/GameDesign2020/Catch_Down_Coffin/Content/Project_Game/Blueprints/System/Test_Game_Mode.uasset" 186
"../../../../../GitHub/GameDesign2020/Catch_Down_Coffin/Content/Project_Game/Blueprints/Test_Game_Mode.uasset" 187
"../../../../../GitHub/GameDesign2020/Catch_Down_Coffin/Content/ThirdPersonBP/Blueprints/Test_Game_Mode.uasset" 188
"../../../../../GitHub/GameDesign2020/Catch_Down_Coffin/Content/ThirdPersonBP/Blueprints/ThirdPersonCharacter.uasset" 189
"../../../Engine/Content/Animation/DefaultAnimBoneCompressionSettings.uasset" 190
"../../../Engine/Content/Animation/DefaultAnimCurveCompressionSettings.uasset" 191
"../../../Engine/Content/ArtTools/RenderToTexture/Meshes/S_1_Unit_Plane.uasset" 192
"../../../Engine/Content/EngineMaterials/DefaultMaterial.uasset" 193
"../../../Engine/Content/BasicShapes/Cone.uasset" 194
"../../../Engine/Content/BasicShapes/Cylinder.uasset" 195
"../../../Engine/Content/BasicShapes/Plane.uasset" 196
"../../../Engine/Content/BasicShapes/Sphere.uasset" 197
"../../../Engine/Content/EditorLandscapeResources/DataLayer.uasset" 198
"../../../Engine/Content/EditorMaterials/MAT_Groups_Toggle.uasset" 199
"../../../Engine/Content/EditorMaterials/MAT_Groups_Visibility.uasset" 200
"../../../Engine/Content/EditorMaterials/PreviewShadowIndicator.uasset" 201
"../../../Engine/Content/EditorMaterials/PreviewShadowIndicatorMaterial.uasset" 202
"../../../Engine/Content/EditorMaterials/MatineeGroups/MAT_ColorTrack.uasset" 203
"../../../Engine/Content/EditorMaterials/MatineeGroups/MAT_Groups_Anim.uasset" 204
"../../../Engine/Content/EditorMaterials/MatineeGroups/MAT_Groups_AudioMaster.uasset" 205
"../../../Engine/Content/EditorMaterials/MatineeGroups/MAT_Groups_Director.uasset" 206
"../../../Engine/Content/EditorMaterials/MatineeGroups/MAT_Groups_Event.uasset" 207
"../../../Engine/Content/EditorMaterials/MatineeGroups/MAT_Groups_Fade.uasset" 208
"../../../Engine/Content/EditorMaterials/MatineeGroups/MAT_Groups_Float.uasset" 209
"../../../Engine/Content/EditorMaterials/MatineeGroups/MAT_Groups_Move.uasset" 210
"../../../Engine/Content/EditorMaterials/MatineeGroups/MAT_Groups_Slomo.uasset" 211
"../../../Engine/Content/EditorMaterials/MatineeGroups/MAT_Groups_Sound.uasset" 212
"../../../Engine/Content/EditorMaterials/MatineeGroups/MAT_Groups_Vector.uasset" 213
"../../../Engine/Content/EditorMaterials/ParticleSystems/PSysThumbnail_NoImage.uasset" 214
"../../../Engine/Content/EditorMaterials/ParticleSystems/PSysThumbnail_OOD.uasset" 215
"../../../Engine/Content/EditorMaterials/Camera/CineMat.uasset" 216
"../../../Engine/Content/EditorMaterials/Camera/MI_CineMat_Rig.uasset" 217
"../../../Engine/Content/EditorMeshes/Camera/SM_CraneRig_Arm.uasset" 218
"../../../Engine/Content/EditorMeshes/Camera/SM_CraneRig_Base.uasset" 219
"../../../Engine/Content/EditorMeshes/Camera/SM_CraneRig_Body.uasset" 220
"../../../Engine/Content/EditorMeshes/Camera/SM_CraneRig_Mount.uasset" 221
"../../../Engine/Content/EditorMeshes/Camera/SM_RailRig_Mount.uasset" 222
"../../../Engine/Content/EditorMeshes/Camera/SM_RailRig_Track.uasset" 223
"../../../Engine/Content/EditorResources/BSPVertex.uasset" 224
"../../../Engine/Content/EditorResources/EmptyActor.uasset" 225
"../../../Engine/Content/EditorResources/S_Actor.uasset" 226
"../../../Engine/Content/EditorResources/S_Note.uasset" 227
"../../../Engine/Content/EditorResources/S_Solver.uasset" 228
"../../../Engine/Content/EditorResources/S_Trigger.uasset" 229
"../../../Engine/Content/EditorResources/AudioIcons/S_AudioComponent.uasset" 230
"../../../Engine/Content/EditorResources/AudioIcons/S_AudioComponent_AutoActivate.uasset" 231
"../../../Engine/Content/EditorResources/LightIcons/S_LightError.uasset" 232
"../../../Engine/Content/EditorResources/SequenceRecorder/Countdown.uasset" 233
"../../../Engine/Content/EditorResources/SequenceRecorder/RecordingIndicator.uasset" 234
"../../../Engine/Content/EditorSounds/Notifications/CompileFailed.uasset" 235
"../../../Engine/Content/EditorSounds/Notifications/CompileFailed_Cue.uasset" 236
"../../../Engine/Content/EditorSounds/Notifications/CompileSuccess.uasset" 237
"../../../Engine/Content/EditorSounds/Notifications/CompileStart_Cue.uasset" 238
"../../../Engine/Content/EditorSounds/Notifications/CompileSuccess_Cue.uasset" 239
"../../../Engine/Content/EngineDamageTypes/DmgTypeBP_Environmental.uasset" 240
"../../../Engine/Content/EngineDebugMaterials/DebugEditorMaterial.uasset" 241
"../../../Engine/Content/EngineDebugMaterials/DebugMeshMaterial.uasset" 242
"../../../Engine/Content/EngineDebugMaterials/M_SimpleUnlitTranslucent.uasset" 243
"../../../Engine/Content/Functions/Engine_MaterialFunctions02/Utility/CameraDirectionVector.uasset" 244
"../../../Engine/Content/EngineDebugMaterials/VolumeToRender.uasset" 245
"../../../Engine/Content/EngineDebugMaterials/M_VolumeRenderSphereTracePP.uasset" 246
"../../../Engine/Content/EngineDebugMaterials/WireframeMaterial.uasset" 247
"../../../Engine/Content/EngineFonts/Faces/DroidSansFallback.uasset" 248
"../../../Engine/Content/EngineFonts/Faces/RobotoBold.uasset" 249
"../../../Engine/Content/EngineFonts/Faces/RobotoBoldItalic.uasset" 250
"../../../Engine/Content/EngineFonts/Faces/RobotoItalic.uasset" 251
"../../../Engine/Content/EngineFonts/Faces/RobotoLight.uasset" 252
"../../../Engine/Content/EngineFonts/Faces/RobotoRegular.uasset" 253
"../../../Engine/Content/EngineFonts/Roboto.uasset" 254
"../../../Engine/Content/EngineMaterials/BaseFlattenDiffuseMap.uasset" 255
"../../../Engine/Content/EngineMaterials/BaseFlattenEmissiveMap.uasset" 256
"../../../Engine/Content/EngineMaterials/BaseFlattenGrayscaleMap.uasset" 257
"../../../Engine/Content/EngineMaterials/BaseFlattenNormalMap.uasset" 258
"../../../Engine/Content/EngineMaterials/BaseFlattenMaterial.uasset" 259
"../../../Engine/Content/EngineMaterials/BlueNoise.uasset" 260
"../../../Engine/Content/EngineMaterials/DefaultBloomKernel.uasset" 261
"../../../Engine/Content/EngineMaterials/DefaultBokeh.uasset" 262
"../../../Engine/Content/EngineMaterials/DefaultDiffuse.uasset" 263
"../../../Engine/Content/EngineMaterials/DefaultDeferredDecalMaterial.uasset" 264
"../../../Engine/Content/EngineMaterials/DefaultLightFunctionMaterial.uasset" 265
"../../../Engine/Content/EngineMaterials/DefaultPhysicalMaterial.uasset" 266
"../../../Engine/Content/Functions/Engine_MaterialFunctions02/Utility/BreakOutFloat2Components.uasset" 267
"../../../Engine/Content/EngineMaterials/DefaultPostProcessMaterial.uasset" 268
"../../../Engine/Content/EngineFonts/RobotoDistanceField.uasset" 269
"../../../Engine/Content/EngineMaterials/DefaultTextMaterialOpaque.uasset" 270
"../../../Engine/Content/EngineMaterials/DefaultWhiteGrid.uasset" 271
"../../../Engine/Content/EngineMaterials/DefaultWhiteGrid_Low.uasset" 272
"../../../Engine/Content/EngineMaterials/EmissiveMeshMaterial.uasset" 273
"../../../Engine/Content/EngineMaterials/GizmoMaterial.uasset" 274
"../../../Engine/Content/EngineMaterials/Good64x64TilingNoiseHighFreq.uasset" 275
"../../../Engine/Content/EngineMaterials/MiniFont.uasset" 276
"../../../Engine/Content/EngineMaterials/InvalidLightmapSettings.uasset" 277
"../../../Engine/Content/EngineMaterials/M_InvalidLightmapSettings.uasset" 278
"../../../Engine/Content/Functions/Engine_MaterialFunctions02/WorldPositionOffset/CameraOffset.uasset" 279
"../../../Engine/Content/EngineMaterials/PhAT_JointLimitMaterial.uasset" 280
"../../../Engine/Content/EngineMaterials/PreintegratedSkinBRDF.uasset" 281
"../../../Engine/Content/EngineMaterials/RemoveSurfaceMaterial.uasset" 282
"../../../Engine/Content/EngineMaterials/WeightMapPlaceholderTexture.uasset" 283
"../../../Engine/Content/EngineResources/WhiteSquareTexture.uasset" 284
"../../../Engine/Content/EngineMaterials/Widget3DPassThrough.uasset" 285
"../../../Engine/Content/EngineMaterials/Widget3DPassThrough_Masked.uasset" 286
"../../../Engine/Content/EngineMaterials/Widget3DPassThrough_Opaque.uasset" 287
"../../../Engine/Content/EngineMaterials/Widget3DPassThrough_Masked_OneSided.uasset" 288
"../../../Engine/Content/EngineMaterials/Widget3DPassThrough_Opaque_OneSided.uasset" 289
"../../../Engine/Content/EngineMaterials/Widget3DPassThrough_Translucent.uasset" 290
"../../../Engine/Content/EngineMaterials/Widget3DPassThrough_Translucent_OneSided.uasset" 291
"../../../Engine/Content/EngineMeshes/Cylinder.uasset" 292
"../../../Engine/Content/EngineMeshes/Sphere.uasset" 293
"../../../Engine/Content/EngineResources/Black.uasset" 294
"../../../Engine/Content/EngineResources/DefaultTexture.uasset" 295
"../../../Engine/Content/EngineResources/DefaultTextureCube.uasset" 296
"../../../Engine/Content/EngineResources/DefaultVolumeTexture2D.uasset" 297
"../../../Engine/Content/EngineResources/DefaultVolumeTexture.uasset" 298
"../../../Engine/Content/EngineResources/GradientTexture0.uasset" 299
"../../../Engine/Content/EngineSounds/Master.uasset" 300
"../../../Engine/Content/Functions/Engine_MaterialFunctions01/Shading/ConvertFromDiffSpec.uasset" 301
"../../../Engine/Content/Functions/Engine_MaterialFunctions01/Shading/PowerToRoughness.uasset" 302
"../../../Engine/Content/Maps/Templates/Thumbnails/Default.uasset" 303
"../../../Engine/Content/Maps/Templates/Thumbnails/TimeOfDay.uasset" 304
"../../../Engine/Content/Maps/Templates/Thumbnails/VR-Basic.uasset" 305
"../../../Engine/Content/MobileResources/T_MobileControls_texture.uasset" 306
"../../../Engine/Content/MobileResources/T_MobileMenu2.uasset" 307
"../../../Engine/Content/MobileResources/HUD/AnalogHat.uasset" 308
"../../../Engine/Content/MobileResources/HUD/VirtualJoystick_Background.uasset" 309
"../../../Engine/Content/MobileResources/HUD/VirtualJoystick_Thumb.uasset" 310
"../../../Engine/Content/MobileResources/HUD/DefaultVirtualJoysticks.uasset" 311
"../../../Engine/Content/MobileResources/HUD/LeftVirtualJoystickOnly.uasset" 312
"../../../Engine/Content/MobileResources/HUD/MobileHUDButton1_off.uasset" 313
"../../../Engine/Content/MobileResources/HUD/MobileHUDButton1_on.uasset" 314
"../../../Engine/Content/MobileResources/HUD/MobileHUDButton2_off.uasset" 315
"../../../Engine/Content/MobileResources/HUD/MobileHUDButton2_on.uasset" 316
"../../../Engine/Content/MobileResources/HUD/MobileHUDButton3.uasset" 317
"../../../Engine/Content/MobileResources/HUD/MobileHUDButtonFire.uasset" 318
"../../../Engine/Content/MobileResources/HUD/MobileHUDDirectionPad.uasset" 319
"../../../Engine/Content/MobileResources/HUD/MobileHUDDirectionPad2.uasset" 320
"../../../Engine/Content/MobileResources/HUD/MobileHUDDirectionPad3.uasset" 321
"../../../Engine/Content/MobileResources/HUD/MobileHUDDirectionStick.uasset" 322
"../../../Engine/Content/MobileResources/HUD/T_Castle_ThumbstickInner.uasset" 323
"../../../Engine/Content/MobileResources/HUD/T_Castle_ThumbstickOutter.uasset" 324
"../../../Engine/Content/Tutorial/ContentIntroCurve.uasset" 325
"../../../Engine/Content/Tutorial/Basics/LevelEditorAttract.uasset" 326
"../../../Engine/Content/Tutorial/Basics/TutorialAssets/icon_tab_Levels_40x.uasset" 327
"../../../Engine/Content/Tutorial/Basics/LevelEditorOverview.uasset" 328
"../../../Engine/Content/Tutorial/BlueprintTutorials/TutorialAssets/Blueprint_64x.uasset" 329
"../../../Engine/Content/Tutorial/BlueprintTutorials/BlueprintEditorTutorial.uasset" 330
"../../../Engine/Content/VREditor/LaserPointer/VR_LaserPower_01.uasset" 331
"../../../Engine/Content/VREditor/TransformGizmo/TransformGizmoMaterial.uasset" 332
"../../../Engine/Content/VREditor/TransformGizmo/TranslucentTransformGizmoMaterial.uasset" 333
"../../../Engine/Content/VREditor/TransformGizmo/BoundingBoxCorner.uasset" 334
"../../../Engine/Content/VREditor/TransformGizmo/BoundingBoxEdge.uasset" 335
"../../../Engine/Content/VREditor/TransformGizmo/PlaneTranslationHandle.uasset" 336
"../../../Engine/Content/VREditor/TransformGizmo/Main.uasset" 337
"../../../Engine/Content/VREditor/TransformGizmo/Xray.uasset" 338
"../../../Engine/Content/VREditor/TransformGizmo/SM_Sequencer_Key.uasset" 339
"../../../Engine/Content/VREditor/TransformGizmo/SM_Sequencer_Node.uasset" 340
"../../Plugins/2D/Paper2D/Content/PlaceholderTextures/DummySpriteTexture.uasset" 341
"../../Plugins/2D/Paper2D/Content/DummySprite.uasset" 342
"../../Plugins/2D/Paper2D/Content/DefaultPaperTerrainMaterial.uasset" 343
"../../Plugins/2D/Paper2D/Content/DefaultSpriteMaterial.uasset" 344
"../../Plugins/2D/Paper2D/Content/MaskedUnlitSpriteMaterial.uasset" 345
"../../Plugins/2D/Paper2D/Content/OpaqueUnlitSpriteMaterial.uasset" 346
"../../Plugins/FX/Niagara/Content/Enums/ENiagaraBooleanLogicOps.uasset" 347
"../../Plugins/FX/Niagara/Content/Enums/ENiagaraCoordinateSpace.uasset" 348
"../../Plugins/FX/Niagara/Content/Enums/ENiagaraExpansionMode.uasset" 349
"../../Plugins/FX/Niagara/Content/Enums/ENiagaraOrientationAxis.uasset" 350
"../../Plugins/FX/Niagara/Content/Enums/ENiagaraRandomnessMode.uasset" 351
"../../../Engine/Content/Functions/Engine_MaterialFunctions02/Utility/BreakOutFloat4Components.uasset" 352
"../../../Engine/Content/Functions/Engine_MaterialFunctions02/Utility/MakeFloat2.uasset" 353
"../../../Engine/Content/Functions/Engine_MaterialFunctions02/Utility/MakeFloat3.uasset" 354
"../../Plugins/Runtime/Oculus/OculusVR/Content/Materials/OculusMR_ChromaKey.uasset" 355
"../../Plugins/Runtime/Oculus/OculusVR/Content/Materials/OculusMR_ChromaKey_Lit.uasset" 356
"../../Plugins/Runtime/Oculus/OculusVR/Content/Materials/OculusMR_OpaqueColoredMaterial.uasset" 357
"../../Plugins/Runtime/Oculus/OculusVR/Content/Materials/OculusMR_WhiteMaterial.uasset" 358
"../../../Engine/Content/EngineSky/C_Sky_Cloud_Color.uasset" 359
"../../../Engine/Content/EngineSky/C_Sky_Horizon_Color.uasset" 360
"../../../Engine/Content/EngineSky/C_Sky_Zenith_Color.uasset" 361
"../../../Engine/Content/EngineSky/T_Sky_Blue.uasset" 362
"../../../Engine/Content/EngineSky/T_Sky_Clouds_M.uasset" 363
"../../../Engine/Content/EngineSky/T_Sky_Stars.uasset" 364
"../../../Engine/Content/EngineSky/M_Sky_Panning_Clouds2.uasset" 365
"../../../Engine/Content/EngineSky/SM_SkySphere.uasset" 366
"../../../Engine/Content/EngineSky/BP_Sky_Sphere.uasset" 367
"../../../../../GitHub/GameDesign2020/Catch_Down_Coffin/Content/Project_Game/Blueprints/Player/Palyer2.uasset" 368
"../../../../../GitHub/GameDesign2020/Catch_Down_Coffin/Content/ThirdPersonBP/Blueprints/ThirdPersonGameMode.uasset" 369
"../../../../../GitHub/GameDesign2020/Catch_Down_Coffin/Content/Project_Game/Maps/Test_Move_BuiltData.uasset" 370
"../../../Engine/Content/MapTemplates/SM_Template_Map_Floor.uasset" 371
"../../../../../GitHub/GameDesign2020/Catch_Down_Coffin/Content/Project_Game/Maps/Test_Move.umap" 372
"../../../../../GitHub/GameDesign2020/Catch_Down_Coffin/Content/Project_Game/Blueprints/u/coffin.uasset" 373
"../../../../../GitHub/GameDesign2020/Catch_Down_Coffin/Content/Project_Game/Blueprints/u/f2.uasset" 374
"../../../../../GitHub/GameDesign2020/Catch_Down_Coffin/Content/Project_Game/Blueprints/UI_Widget/Coffin_Win.uasset" 375
"../../../../../GitHub/GameDesign2020/Catch_Down_Coffin/Content/Project_Game/Maps/UI/Coffin_Win.umap" 376
"../../../../../GitHub/GameDesign2020/Catch_Down_Coffin/Content/Project_Game/Maps/UI/Game_BuiltData.uasset" 377
"../../../../../GitHub/GameDesign2020/Catch_Down_Coffin/Content/Geometry/Meshes/CubeMaterial.uasset" 378
"../../../../../GitHub/GameDesign2020/Catch_Down_Coffin/Content/Geometry/Meshes/1M_Cube.uasset" 379
"../../../../../GitHub/GameDesign2020/Catch_Down_Coffin/Content/Geometry/Meshes/TemplateFloor.uasset" 380
"../../../../../GitHub/GameDesign2020/Catch_Down_Coffin/Content/Project_Game/Maps/UI/Game.umap" 381
"../../../../../GitHub/GameDesign2020/Catch_Down_Coffin/Content/Project_Game/Blueprints/u/bt_enter2.uasset" 382
"../../../../../GitHub/GameDesign2020/Catch_Down_Coffin/Content/Project_Game/Blueprints/u/bt_spacebar.uasset" 383
"../../../../../GitHub/GameDesign2020/Catch_Down_Coffin/Content/Project_Game/Blueprints/u/name3.uasset" 384
"../../../../../GitHub/GameDesign2020/Catch_Down_Coffin/Content/Project_Game/Blueprints/u/play_pro.uasset" 385
"../../../../../GitHub/GameDesign2020/Catch_Down_Coffin/Content/Project_Game/Blueprints/u/quitLpro.uasset" 386
"../../../../../GitHub/GameDesign2020/Catch_Down_Coffin/Content/Project_Game/Blueprints/UI_Widget/Main.uasset" 387
"../../../../../GitHub/GameDesign2020/Catch_Down_Coffin/Content/Project_Game/Maps/UI/Main.umap" 388
"../../../../../GitHub/GameDesign2020/Catch_Down_Coffin/Content/Project_Game/Maps/UI/Mummy_Win.umap" 389
"../../../../../GitHub/GameDesign2020/Catch_Down_Coffin/Content/Project_Game/Blueprints/u/control_1.uasset" 390
"../../../../../GitHub/GameDesign2020/Catch_Down_Coffin/Content/Project_Game/Blueprints/u/control_2.uasset" 391
"../../../../../GitHub/GameDesign2020/Catch_Down_Coffin/Content/Project_Game/Blueprints/u/ctrl2.uasset" 392
"../../../../../GitHub/GameDesign2020/Catch_Down_Coffin/Content/Project_Game/Blueprints/UI_Widget/Raedy.uasset" 393
"../../../../../GitHub/GameDesign2020/Catch_Down_Coffin/Content/Project_Game/Maps/UI/Ready.umap" 394
"../../../../../GitHub/GameDesign2020/Catch_Down_Coffin/Content/Project_Game/Blueprints/u/no.uasset" 395
"../../../../../GitHub/GameDesign2020/Catch_Down_Coffin/Content/Project_Game/Blueprints/u/Restart.uasset" 396
"../../../../../GitHub/GameDesign2020/Catch_Down_Coffin/Content/Project_Game/Blueprints/u/yes.uasset" 397
"../../../../../GitHub/GameDesign2020/Catch_Down_Coffin/Content/Project_Game/Blueprints/UI_Widget/Restart.uasset" 398
"../../../../../GitHub/GameDesign2020/Catch_Down_Coffin/Content/Project_Game/Maps/UI/Restart.umap" 399
"../../../../../GitHub/GameDesign2020/Catch_Down_Coffin/Content/StarterContent/Blueprints/Assets/FogBrightnessLUT.uasset" 400
"../../../../../GitHub/GameDesign2020/Catch_Down_Coffin/Content/StarterContent/Blueprints/Assets/SunlightColorLUT.uasset" 401
"../../../../../GitHub/GameDesign2020/Catch_Down_Coffin/Content/StarterContent/Blueprints/Assets/M_LightStage_Arrows.uasset" 402
"../../../Engine/Content/MapTemplates/Sky/DaylightAmbientCubemap.uasset" 403
"../../../../../GitHub/GameDesign2020/Catch_Down_Coffin/Content/StarterContent/Blueprints/Assets/M_LightStage_Skybox_Master.uasset" 404
"../../../../../GitHub/GameDesign2020/Catch_Down_Coffin/Content/StarterContent/Blueprints/Assets/M_LightStage_Skybox_Black.uasset" 405
"../../../../../GitHub/GameDesign2020/Catch_Down_Coffin/Content/StarterContent/Blueprints/Assets/M_LightStage_Skybox_HDRI.uasset" 406
"../../../Engine/Content/EditorMaterials/Thumbnails/SkySphereMaterial.uasset" 407
"../../../../../GitHub/GameDesign2020/Catch_Down_Coffin/Content/StarterContent/Blueprints/Assets/Skybox.uasset" 408
"../../../../../GitHub/GameDesign2020/Catch_Down_Coffin/Content/StarterContent/Blueprints/Assets/SM_Arrows.uasset" 409
"../../../../../GitHub/GameDesign2020/Catch_Down_Coffin/Content/StarterContent/HDRI/HDRI_Epic_Courtyard_Daylight.uasset" 410
"../../../../../GitHub/GameDesign2020/Catch_Down_Coffin/Content/StarterContent/Blueprints/BP_LightStudio.uasset" 411
"../../../../../GitHub/GameDesign2020/Catch_Down_Coffin/Content/StarterContent/Maps/Advanced_Lighting_BuiltData.uasset" 412
"../../../../../GitHub/GameDesign2020/Catch_Down_Coffin/Content/StarterContent/Materials/M_AssetPlatform.uasset" 413
"../../../Engine/Content/EditorMeshes/ColorCalibrator/M_ChromeBall.uasset" 414
"../../../Engine/Content/EditorMeshes/ColorCalibrator/M_ClearCoat.uasset" 415
"../../../Engine/Content/EditorMeshes/ColorCalibrator/M_ClearCoatBlack.uasset" 416
"../../../Engine/Content/EditorMeshes/ColorCalibrator/Color_checker.uasset" 417
"../../../Engine/Content/EditorMeshes/ColorCalibrator/M_ColorGrid.uasset" 418
"../../../Engine/Content/EditorMeshes/ColorCalibrator/M_GreyBall.uasset" 419
"../../../Engine/Content/EditorMeshes/ColorCalibrator/SM_ColorCalibrator.uasset" 420
"../../../../../GitHub/GameDesign2020/Catch_Down_Coffin/Content/StarterContent/Architecture/SM_AssetPlatform.uasset" 421
"../../../../../GitHub/GameDesign2020/Catch_Down_Coffin/Content/StarterContent/Maps/Advanced_Lighting.umap" 422
"../../../../../GitHub/GameDesign2020/Catch_Down_Coffin/Content/StarterContent/Maps/Minimal_Default_BuiltData.uasset" 423
"../../../../../GitHub/GameDesign2020/Catch_Down_Coffin/Content/StarterContent/Materials/M_Metal_Brushed_Nickel.uasset" 424
"../../../../../GitHub/GameDesign2020/Catch_Down_Coffin/Content/StarterContent/Textures/T_Metal_Aluminum_D.uasset" 425
"../../../../../GitHub/GameDesign2020/Catch_Down_Coffin/Content/StarterContent/Materials/M_Metal_Burnished_Steel.uasset" 426
"../../../../../GitHub/GameDesign2020/Catch_Down_Coffin/Content/StarterContent/Textures/T_Metal_Copper_D.uasset" 427
"../../../../../GitHub/GameDesign2020/Catch_Down_Coffin/Content/StarterContent/Materials/M_Metal_Copper.uasset" 428
"../../../../../GitHub/GameDesign2020/Catch_Down_Coffin/Content/StarterContent/Textures/T_Statue_M.uasset" 429
"../../../../../GitHub/GameDesign2020/Catch_Down_Coffin/Content/StarterContent/Textures/T_Statue_N.uasset" 430
"../../../../../GitHub/GameDesign2020/Catch_Down_Coffin/Content/StarterContent/Props/Materials/M_StatueGlass.uasset" 431
"../../../../../GitHub/GameDesign2020/Catch_Down_Coffin/Content/StarterContent/Architecture/Floor_400x400.uasset" 432
"../../../../../GitHub/GameDesign2020/Catch_Down_Coffin/Content/StarterContent/Audio/Starter_Background_Cue.uasset" 433
"../../../../../GitHub/GameDesign2020/Catch_Down_Coffin/Content/StarterContent/Props/Materials/M_Statue.uasset" 434
"../../../../../GitHub/GameDesign2020/Catch_Down_Coffin/Content/StarterContent/Props/SM_Statue.uasset" 435
"../../../../../GitHub/GameDesign2020/Catch_Down_Coffin/Content/StarterContent/Textures/T_TableRound_M.uasset" 436
"../../../../../GitHub/GameDesign2020/Catch_Down_Coffin/Content/StarterContent/Textures/T_TableRound_N.uasset" 437
"../../../../../GitHub/GameDesign2020/Catch_Down_Coffin/Content/StarterContent/Props/Materials/M_TableRound.uasset" 438
"../../../../../GitHub/GameDesign2020/Catch_Down_Coffin/Content/StarterContent/Props/SM_TableRound.uasset" 439
"../../../../../GitHub/GameDesign2020/Catch_Down_Coffin/Content/StarterContent/Maps/Minimal_Default.umap" 440
"../../../../../GitHub/GameDesign2020/Catch_Down_Coffin/Content/StarterContent/Audio/Fire01_Cue.uasset" 441
"../../../../../GitHub/GameDesign2020/Catch_Down_Coffin/Content/StarterContent/Textures/T_Fire_SubUV.uasset" 442
"../../../../../GitHub/GameDesign2020/Catch_Down_Coffin/Content/StarterContent/Textures/T_Fire_Tiled_D.uasset" 443
"../../../../../GitHub/GameDesign2020/Catch_Down_Coffin/Content/StarterContent/Particles/Materials/M_Fire_SubUV.uasset" 444
"../../../../../GitHub/GameDesign2020/Catch_Down_Coffin/Content/StarterContent/Textures/T_Water_N.uasset" 445
"../../../../../GitHub/GameDesign2020/Catch_Down_Coffin/Content/StarterContent/Particles/Materials/M_Heat_Distortion.uasset" 446
"../../../../../GitHub/GameDesign2020/Catch_Down_Coffin/Content/StarterContent/Particles/Materials/M_Radial_Gradient.uasset" 447
"../../../../../GitHub/GameDesign2020/Catch_Down_Coffin/Content/StarterContent/Particles/P_Fire.uasset" 448
"../../../../../GitHub/GameDesign2020/Catch_Down_Coffin/Content/StarterContent/Blueprints/Blueprint_Effect_Fire.uasset" 449
"../../../../../GitHub/GameDesign2020/Catch_Down_Coffin/Content/StarterContent/Audio/Smoke01_Cue.uasset" 450
"../../../../../GitHub/GameDesign2020/Catch_Down_Coffin/Content/StarterContent/Particles/P_Smoke.uasset" 451
"../../../../../GitHub/GameDesign2020/Catch_Down_Coffin/Content/StarterContent/Blueprints/Blueprint_Effect_Smoke.uasset" 452
"../../../../../GitHub/GameDesign2020/Catch_Down_Coffin/Content/StarterContent/Audio/Fire_Sparks01_Cue.uasset" 453
"../../../../../GitHub/GameDesign2020/Catch_Down_Coffin/Content/StarterContent/Textures/T_Spark_Core.uasset" 454
"../../../../../GitHub/GameDesign2020/Catch_Down_Coffin/Content/StarterContent/Particles/Materials/M_Spark.uasset" 455
"../../../../../GitHub/GameDesign2020/Catch_Down_Coffin/Content/StarterContent/Particles/P_Sparks.uasset" 456
"../../../../../GitHub/GameDesign2020/Catch_Down_Coffin/Content/StarterContent/Blueprints/Blueprint_Effect_Sparks.uasset" 457
"../../../../../GitHub/GameDesign2020/Catch_Down_Coffin/Content/StarterContent/Audio/Steam01_Cue.uasset" 458
"../../../../../GitHub/GameDesign2020/Catch_Down_Coffin/Content/StarterContent/Particles/P_Steam_Lit.uasset" 459
"../../../../../GitHub/GameDesign2020/Catch_Down_Coffin/Content/StarterContent/Blueprints/Blueprint_Effect_Steam.uasset" 460
"../../../../../GitHub/GameDesign2020/Catch_Down_Coffin/Content/StarterContent/Props/SM_Lamp_Ceiling.uasset" 461
"../../../../../GitHub/GameDesign2020/Catch_Down_Coffin/Content/StarterContent/Blueprints/Blueprint_CeilingLight.uasset" 462
"../../../../../GitHub/GameDesign2020/Catch_Down_Coffin/Content/StarterContent/Blueprints/Blueprint_WallSconce.uasset" 463
"../../../../../GitHub/GameDesign2020/Catch_Down_Coffin/Content/StarterContent/Maps/StarterMap_BuiltData.uasset" 464
"../../../Engine/Content/Functions/Engine_MaterialFunctions03/Procedurals/ComputeFilterWidth.uasset" 465
"../../../Engine/Content/EngineMaterials/AntiAliasedTextMaterialTranslucent.uasset" 466
"../../../../../GitHub/GameDesign2020/Catch_Down_Coffin/Content/StarterContent/Textures/T_Brick_Clay_Beveled_D.uasset" 467
"../../../../../GitHub/GameDesign2020/Catch_Down_Coffin/Content/StarterContent/Textures/T_Brick_Clay_Beveled_M.uasset" 468
"../../../../../GitHub/GameDesign2020/Catch_Down_Coffin/Content/StarterContent/Textures/T_Brick_Clay_Beveled_N.uasset" 469
"../../../../../GitHub/GameDesign2020/Catch_Down_Coffin/Content/StarterContent/Materials/M_Brick_Clay_Beveled.uasset" 470
"../../../../../GitHub/GameDesign2020/Catch_Down_Coffin/Content/StarterContent/Textures/T_Brick_Clay_New_D.uasset" 471
"../../../../../GitHub/GameDesign2020/Catch_Down_Coffin/Content/StarterContent/Textures/T_Brick_Clay_New_M.uasset" 472
"../../../../../GitHub/GameDesign2020/Catch_Down_Coffin/Content/StarterContent/Textures/T_Brick_Clay_New_N.uasset" 473
"../../../../../GitHub/GameDesign2020/Catch_Down_Coffin/Content/StarterContent/Materials/M_Brick_Clay_New.uasset" 474
"../../../../../GitHub/GameDesign2020/Catch_Down_Coffin/Content/StarterContent/Textures/T_Brick_Clay_Old_D.uasset" 475
"../../../../../GitHub/GameDesign2020/Catch_Down_Coffin/Content/StarterContent/Textures/T_Brick_Clay_Old_N.uasset" 476
"../../../../../GitHub/GameDesign2020/Catch_Down_Coffin/Content/StarterContent/Textures/T_Perlin_Noise_M.uasset" 477
"../../../../../GitHub/GameDesign2020/Catch_Down_Coffin/Content/StarterContent/Materials/M_Brick_Clay_Old.uasset" 478
"../../../../../GitHub/GameDesign2020/Catch_Down_Coffin/Content/StarterContent/Textures/T_Brick_Cut_Stone_D.uasset" 479
"../../../../../GitHub/GameDesign2020/Catch_Down_Coffin/Content/StarterContent/Textures/T_Brick_Cut_Stone_N.uasset" 480
"../../../../../GitHub/GameDesign2020/Catch_Down_Coffin/Content/StarterContent/Materials/M_Brick_Cut_Stone.uasset" 481
"../../../../../GitHub/GameDesign2020/Catch_Down_Coffin/Content/StarterContent/Textures/T_Brick_Hewn_Stone_D.uasset" 482
"../../../../../GitHub/GameDesign2020/Catch_Down_Coffin/Content/StarterContent/Textures/T_Brick_Hewn_Stone_M.uasset" 483
"../../../../../GitHub/GameDesign2020/Catch_Down_Coffin/Content/StarterContent/Textures/T_Brick_Hewn_Stone_N.uasset" 484
"../../../../../GitHub/GameDesign2020/Catch_Down_Coffin/Content/StarterContent/Materials/M_Brick_Hewn_Stone.uasset" 485
"../../../../../GitHub/GameDesign2020/Catch_Down_Coffin/Content/StarterContent/Textures/T_Ceramic_Tile_M.uasset" 486
"../../../../../GitHub/GameDesign2020/Catch_Down_Coffin/Content/StarterContent/Textures/T_Ceramic_Tile_N.uasset" 487
"../../../../../GitHub/GameDesign2020/Catch_Down_Coffin/Content/StarterContent/Textures/T_Rock_Marble_Polished_D.uasset" 488
"../../../../../GitHub/GameDesign2020/Catch_Down_Coffin/Content/StarterContent/Materials/M_Ceramic_Tile_Checker.uasset" 489
"../../../../../GitHub/GameDesign2020/Catch_Down_Coffin/Content/StarterContent/Textures/T_CobbleStone_Pebble_D.uasset" 490
"../../../../../GitHub/GameDesign2020/Catch_Down_Coffin/Content/StarterContent/Textures/T_CobbleStone_Pebble_M.uasset" 491
"../../../../../GitHub/GameDesign2020/Catch_Down_Coffin/Content/StarterContent/Textures/T_CobbleStone_Pebble_N.uasset" 492
"../../../../../GitHub/GameDesign2020/Catch_Down_Coffin/Content/StarterContent/Materials/M_CobbleStone_Pebble.uasset" 493
"../../../../../GitHub/GameDesign2020/Catch_Down_Coffin/Content/StarterContent/Textures/T_CobbleStone_Rough_D.uasset" 494
"../../../../../GitHub/GameDesign2020/Catch_Down_Coffin/Content/StarterContent/Textures/T_CobbleStone_Rough_N.uasset" 495
"../../../../../GitHub/GameDesign2020/Catch_Down_Coffin/Content/StarterContent/Textures/T_Gradinet_01.uasset" 496
"../../../../../GitHub/GameDesign2020/Catch_Down_Coffin/Content/StarterContent/Textures/T_Rock_Smooth_Granite_D.uasset" 497
"../../../../../GitHub/GameDesign2020/Catch_Down_Coffin/Content/StarterContent/Materials/M_CobbleStone_Rough.uasset" 498
"../../../../../GitHub/GameDesign2020/Catch_Down_Coffin/Content/StarterContent/Textures/T_CobbleStone_Smooth_D.uasset" 499
"../../../../../GitHub/GameDesign2020/Catch_Down_Coffin/Content/StarterContent/Textures/T_CobbleStone_Smooth_M.uasset" 500
"../../../../../GitHub/GameDesign2020/Catch_Down_Coffin/Content/StarterContent/Textures/T_CobbleStone_Smooth_N.uasset" 501
"../../../../../GitHub/GameDesign2020/Catch_Down_Coffin/Content/StarterContent/Materials/M_CobbleStone_Smooth.uasset" 502
"../../../../../GitHub/GameDesign2020/Catch_Down_Coffin/Content/StarterContent/Textures/T_Concrete_Grime_D.uasset" 503
"../../../../../GitHub/GameDesign2020/Catch_Down_Coffin/Content/StarterContent/Textures/T_Metal_Rust_N.uasset" 504
"../../../../../GitHub/GameDesign2020/Catch_Down_Coffin/Content/StarterContent/Materials/M_Concrete_Grime.uasset" 505
"../../../../../GitHub/GameDesign2020/Catch_Down_Coffin/Content/StarterContent/Textures/T_Concrete_Panels_D.uasset" 506
"../../../../../GitHub/GameDesign2020/Catch_Down_Coffin/Content/StarterContent/Textures/T_Concrete_Panels_N.uasset" 507
"../../../../../GitHub/GameDesign2020/Catch_Down_Coffin/Content/StarterContent/Materials/M_Concrete_Panels.uasset" 508
"../../../../../GitHub/GameDesign2020/Catch_Down_Coffin/Content/StarterContent/Textures/T_Concrete_Poured_D.uasset" 509
"../../../../../GitHub/GameDesign2020/Catch_Down_Coffin/Content/StarterContent/Textures/T_Concrete_Poured_N.uasset" 510
"../../../../../GitHub/GameDesign2020/Catch_Down_Coffin/Content/StarterContent/Materials/M_Concrete_Poured.uasset" 511
"../../../../../GitHub/GameDesign2020/Catch_Down_Coffin/Content/StarterContent/Textures/T_Concrete_Tiles_D.uasset" 512
"../../../../../GitHub/GameDesign2020/Catch_Down_Coffin/Content/StarterContent/Textures/T_Concrete_Tiles_M.uasset" 513
"../../../../../GitHub/GameDesign2020/Catch_Down_Coffin/Content/StarterContent/Textures/T_Concrete_Tiles_N.uasset" 514
"../../../../../GitHub/GameDesign2020/Catch_Down_Coffin/Content/StarterContent/Textures/T_Concrete_Tiles_Variation_M.uasset" 515
"../../../../../GitHub/GameDesign2020/Catch_Down_Coffin/Content/StarterContent/Materials/M_Concrete_Tiles.uasset" 516
"../../../../../GitHub/GameDesign2020/Catch_Down_Coffin/Content/StarterContent/Textures/T_Ground_Grass_D.uasset" 517
"../../../../../GitHub/GameDesign2020/Catch_Down_Coffin/Content/StarterContent/Textures/T_Ground_Grass_N.uasset" 518
"../../../../../GitHub/GameDesign2020/Catch_Down_Coffin/Content/StarterContent/Materials/M_Ground_Grass.uasset" 519
"../../../../../GitHub/GameDesign2020/Catch_Down_Coffin/Content/StarterContent/Textures/T_Ground_Gravel_D.uasset" 520
"../../../../../GitHub/GameDesign2020/Catch_Down_Coffin/Content/StarterContent/Textures/T_Ground_Gravel_N.uasset" 521
"../../../../../GitHub/GameDesign2020/Catch_Down_Coffin/Content/StarterContent/Materials/M_Ground_Gravel.uasset" 522
"../../../../../GitHub/GameDesign2020/Catch_Down_Coffin/Content/StarterContent/Textures/T_ground_Moss_D.uasset" 523
"../../../../../GitHub/GameDesign2020/Catch_Down_Coffin/Content/StarterContent/Textures/T_Ground_Moss_N.uasset" 524
"../../../../../GitHub/GameDesign2020/Catch_Down_Coffin/Content/StarterContent/Materials/M_Ground_Moss.uasset" 525
"../../../../../GitHub/GameDesign2020/Catch_Down_Coffin/Content/StarterContent/Materials/M_Metal_Chrome.uasset" 526
"../../../../../GitHub/GameDesign2020/Catch_Down_Coffin/Content/StarterContent/Textures/T_Metal_Rust_D.uasset" 527
"../../../../../GitHub/GameDesign2020/Catch_Down_Coffin/Content/StarterContent/Materials/M_Metal_Rust.uasset" 528
"../../../../../GitHub/GameDesign2020/Catch_Down_Coffin/Content/StarterContent/Textures/T_Metal_Steel_D.uasset" 529
"../../../../../GitHub/GameDesign2020/Catch_Down_Coffin/Content/StarterContent/Textures/T_Metal_Steel_N.uasset" 530
"../../../../../GitHub/GameDesign2020/Catch_Down_Coffin/Content/StarterContent/Materials/M_Metal_Steel.uasset" 531
"../../../../../GitHub/GameDesign2020/Catch_Down_Coffin/Content/StarterContent/Textures/T_Rock_Basalt_N.uasset" 532
"../../../../../GitHub/GameDesign2020/Catch_Down_Coffin/Content/StarterContent/Materials/M_Rock_Basalt.uasset" 533
"../../../../../GitHub/GameDesign2020/Catch_Down_Coffin/Content/StarterContent/Materials/M_Rock_Marble_Polished.uasset" 534
"../../../../../GitHub/GameDesign2020/Catch_Down_Coffin/Content/StarterContent/Textures/T_Rock_Sandstone_D.uasset" 535
"../../../../../GitHub/GameDesign2020/Catch_Down_Coffin/Content/StarterContent/Textures/T_Rock_Sandstone_N.uasset" 536
"../../../../../GitHub/GameDesign2020/Catch_Down_Coffin/Content/StarterContent/Materials/M_Rock_Sandstone.uasset" 537
"../../../../../GitHub/GameDesign2020/Catch_Down_Coffin/Content/StarterContent/Textures/T_Rock_Slate_D.uasset" 538
"../../../../../GitHub/GameDesign2020/Catch_Down_Coffin/Content/StarterContent/Textures/T_Rock_Slate_N.uasset" 539
"../../../../../GitHub/GameDesign2020/Catch_Down_Coffin/Content/StarterContent/Materials/M_Rock_Slate.uasset" 540
"../../../../../GitHub/GameDesign2020/Catch_Down_Coffin/Content/StarterContent/Textures/T_Checker_Noise_M.uasset" 541
"../../../../../GitHub/GameDesign2020/Catch_Down_Coffin/Content/StarterContent/Textures/T_Single_Tile_N.uasset" 542
"../../../../../GitHub/GameDesign2020/Catch_Down_Coffin/Content/StarterContent/Textures/T_Tech_Dot_M.uasset" 543
"../../../../../GitHub/GameDesign2020/Catch_Down_Coffin/Content/StarterContent/Textures/T_Tech_Dot_N.uasset" 544
"../../../../../GitHub/GameDesign2020/Catch_Down_Coffin/Content/StarterContent/Materials/M_Tech_Checker_Dot.uasset" 545
"../../../../../GitHub/GameDesign2020/Catch_Down_Coffin/Content/StarterContent/Materials/M_Tech_Hex_Tile.uasset" 546
"../../../../../GitHub/GameDesign2020/Catch_Down_Coffin/Content/StarterContent/Textures/T_Tech_Panel_M.uasset" 547
"../../../../../GitHub/GameDesign2020/Catch_Down_Coffin/Content/StarterContent/Textures/T_Tech_Panel_N.uasset" 548
"../../../../../GitHub/GameDesign2020/Catch_Down_Coffin/Content/StarterContent/Materials/M_Tech_Panel.uasset" 549
"../../../../../GitHub/GameDesign2020/Catch_Down_Coffin/Content/StarterContent/Materials/M_Water_Lake.uasset" 550
"../../../../../GitHub/GameDesign2020/Catch_Down_Coffin/Content/StarterContent/Textures/T_Water_M.uasset" 551
"../../../../../GitHub/GameDesign2020/Catch_Down_Coffin/Content/StarterContent/Materials/M_Water_Ocean.uasset" 552
"../../../../../GitHub/GameDesign2020/Catch_Down_Coffin/Content/StarterContent/Textures/T_Wood_Floor_Walnut_D.uasset" 553
"../../../../../GitHub/GameDesign2020/Catch_Down_Coffin/Content/StarterContent/Textures/T_Wood_Floor_Walnut_M.uasset" 554
"../../../../../GitHub/GameDesign2020/Catch_Down_Coffin/Content/StarterContent/Textures/T_Wood_Floor_Walnut_N.uasset" 555
"../../../../../GitHub/GameDesign2020/Catch_Down_Coffin/Content/StarterContent/Materials/M_Wood_Floor_Walnut_Polished.uasset" 556
"../../../Engine/Content/Functions/Engine_MaterialFunctions01/Opacity/AlphaOffset.uasset" 557
"../../../../../GitHub/GameDesign2020/Catch_Down_Coffin/Content/StarterContent/Materials/M_Wood_Floor_Walnut_Worn.uasset" 558
"../../../../../GitHub/GameDesign2020/Catch_Down_Coffin/Content/StarterContent/Textures/T_Wood_Oak_D.uasset" 559
"../../../../../GitHub/GameDesign2020/Catch_Down_Coffin/Content/StarterContent/Textures/T_Wood_Oak_N.uasset" 560
"../../../../../GitHub/GameDesign2020/Catch_Down_Coffin/Content/StarterContent/Materials/M_Wood_Oak.uasset" 561
"../../../../../GitHub/GameDesign2020/Catch_Down_Coffin/Content/StarterContent/Textures/T_Wood_Pine_D.uasset" 562
"../../../../../GitHub/GameDesign2020/Catch_Down_Coffin/Content/StarterContent/Textures/T_Wood_Pine_N.uasset" 563
"../../../../../GitHub/GameDesign2020/Catch_Down_Coffin/Content/StarterContent/Materials/M_Wood_Pine.uasset" 564
"../../../../../GitHub/GameDesign2020/Catch_Down_Coffin/Content/StarterContent/Textures/T_Wood_Walnut_D.uasset" 565
"../../../../../GitHub/GameDesign2020/Catch_Down_Coffin/Content/StarterContent/Textures/T_Wood_Walnut_N.uasset" 566
"../../../../../GitHub/GameDesign2020/Catch_Down_Coffin/Content/StarterContent/Materials/M_Wood_Walnut.uasset" 567
"../../../../../GitHub/GameDesign2020/Catch_Down_Coffin/Content/StarterContent/Architecture/Wall_400x200.uasset" 568
"../../../../../GitHub/GameDesign2020/Catch_Down_Coffin/Content/StarterContent/Architecture/Wall_Door_400x300.uasset" 569
"../../../../../GitHub/GameDesign2020/Catch_Down_Coffin/Content/StarterContent/Architecture/Wall_Window_400x300.uasset" 570
"../../../../../GitHub/GameDesign2020/Catch_Down_Coffin/Content/StarterContent/Audio/Collapse_Cue.uasset" 571
"../../../../../GitHub/GameDesign2020/Catch_Down_Coffin/Content/StarterContent/Audio/Starter_Music_Cue.uasset" 572
"../../../../../GitHub/GameDesign2020/Catch_Down_Coffin/Content/StarterContent/Textures/T_Dust_Particle_D.uasset" 573
"../../../../../GitHub/GameDesign2020/Catch_Down_Coffin/Content/StarterContent/Particles/Materials/M_Dust_Particle.uasset" 574
"../../../../../GitHub/GameDesign2020/Catch_Down_Coffin/Content/StarterContent/Particles/P_Ambient_Dust.uasset" 575
"../../../../../GitHub/GameDesign2020/Catch_Down_Coffin/Content/StarterContent/Props/MaterialSphere.uasset" 576
"../../../../../GitHub/GameDesign2020/Catch_Down_Coffin/Content/StarterContent/Props/SM_DoorFrame.uasset" 577
"../../../../../GitHub/GameDesign2020/Catch_Down_Coffin/Content/StarterContent/Props/SM_GlassWindow.uasset" 578
"../../../../../GitHub/GameDesign2020/Catch_Down_Coffin/Content/StarterContent/Props/SM_PillarFrame.uasset" 579
"../../../../../GitHub/GameDesign2020/Catch_Down_Coffin/Content/StarterContent/Props/SM_PillarFrame300.uasset" 580
"../../../../../GitHub/GameDesign2020/Catch_Down_Coffin/Content/StarterContent/Props/SM_WindowFrame.uasset" 581
"../../../../../GitHub/GameDesign2020/Catch_Down_Coffin/Content/StarterContent/Shapes/Shape_Cube.uasset" 582
"../../../../../GitHub/GameDesign2020/Catch_Down_Coffin/Content/StarterContent/Shapes/Shape_QuadPyramid.uasset" 583
"../../../../../GitHub/GameDesign2020/Catch_Down_Coffin/Content/StarterContent/Shapes/Shape_Sphere.uasset" 584
"../../../../../GitHub/GameDesign2020/Catch_Down_Coffin/Content/StarterContent/Maps/StarterMap.umap" 585
"../../../../../GitHub/GameDesign2020/Catch_Down_Coffin/Content/ThirdPersonBP/Maps/ThirdPersonExampleMap_BuiltData.uasset" 586
"../../../../../GitHub/GameDesign2020/Catch_Down_Coffin/Content/Geometry/Meshes/1M_Cube_Chamfer.uasset" 587
"../../../../../GitHub/GameDesign2020/Catch_Down_Coffin/Content/ThirdPerson/Meshes/RampMaterial.uasset" 588
"../../../../../GitHub/GameDesign2020/Catch_Down_Coffin/Content/ThirdPerson/Meshes/Bump_StaticMesh.uasset" 589
"../../../../../GitHub/GameDesign2020/Catch_Down_Coffin/Content/ThirdPerson/Meshes/LeftArm_StaticMesh.uasset" 590
"../../../../../GitHub/GameDesign2020/Catch_Down_Coffin/Content/ThirdPerson/Meshes/Linear_Stair_StaticMesh.uasset" 591
"../../../../../GitHub/GameDesign2020/Catch_Down_Coffin/Content/ThirdPerson/Meshes/Ramp_StaticMesh.uasset" 592
"../../../../../GitHub/GameDesign2020/Catch_Down_Coffin/Content/ThirdPerson/Meshes/RightArm_StaticMesh.uasset" 593
"../../../../../GitHub/GameDesign2020/Catch_Down_Coffin/Content/ThirdPersonBP/Maps/ThirdPersonExampleMap.umap" 594
"../../../Engine/Content/Maps/Entry_BuiltData.uasset" 595
"../../../Engine/Content/Maps/Entry.umap" 596
